#
# There is insufficient memory for the Java Runtime Environment to continue.
# Native memory allocation (malloc) failed to allocate 180496 bytes for Chunk::new
# Possible reasons:
#   The system is out of physical RAM or swap space
#   The process is running with CompressedOops enabled, and the Java Heap may be blocking the growth of the native heap
# Possible solutions:
#   Reduce memory load on the system
#   Increase physical memory or swap space
#   Check if swap backing store is full
#   Decrease Java heap size (-Xmx/-Xms)
#   Decrease number of Java threads
#   Decrease Java thread stack sizes (-Xss)
#   Set larger code cache with -XX:ReservedCodeCacheSize=
#   JVM is running with Unscaled Compressed Oops mode in which the Java heap is
#     placed in the first 4GB address space. The Java Heap base address is the
#     maximum limit for the native heap growth. Please use -XX:HeapBaseMinAddress
#     to set the Java Heap base and to place the Java Heap above 4GB virtual address.
# This output file may be truncated or incomplete.
#
#  Out of Memory Error (allocation.cpp:389), pid=1336, tid=0x0000000000000e24
#
# JRE version: Java(TM) SE Runtime Environment (8.0_202-b08) (build 1.8.0_202-b08)
# Java VM: Java HotSpot(TM) 64-Bit Server VM (25.202-b08 mixed mode windows-amd64 compressed oops)
# Failed to write core dump. Minidumps are not enabled by default on client versions of Windows
#

---------------  T H R E A D  ---------------

Current thread (0x0000000014d42000):  JavaThread "C2 CompilerThread0" daemon [_thread_in_native, id=3620, stack(0x0000000016390000,0x0000000016490000)]

Stack: [0x0000000016390000,0x0000000016490000]
[error occurred during error reporting (printing stack bounds), id 0xc0000005]

Native frames: (J=compiled Java code, j=interpreted, Vv=VM code, C=native code)


Current CompileTask:
C2:   2444 1242  s    4       sun.misc.URLClassPath::getNextLoader (88 bytes)


---------------  P R O C E S S  ---------------

Java Threads: ( => current thread )
  0x0000000017429800 JavaThread "Keep-Alive-Timer" daemon [_thread_blocked, id=7576, stack(0x00000000191a0000,0x00000000192a0000)]
  0x000000001758e000 JavaThread "Exec Stream Pumper" daemon [_thread_in_native, id=10456, stack(0x00000000190a0000,0x00000000191a0000)]
  0x000000001718f000 JavaThread "Exec Stream Pumper" daemon [_thread_in_native, id=7188, stack(0x0000000018fa0000,0x00000000190a0000)]
  0x00000000174fc800 JavaThread "UrlChecker-2" daemon [_thread_blocked, id=10480, stack(0x0000000018da0000,0x0000000018ea0000)]
  0x00000000173a3000 JavaThread "Exec Default Executor" daemon [_thread_in_native, id=7448, stack(0x0000000018ca0000,0x0000000018da0000)]
  0x0000000016844000 JavaThread "ReaderThread" [_thread_in_native, id=5320, stack(0x0000000016c90000,0x0000000016d90000)]
  0x000000001649b000 JavaThread "Service Thread" daemon [_thread_blocked, id=1472, stack(0x0000000016a90000,0x0000000016b90000)]
  0x0000000016496000 JavaThread "C1 CompilerThread2" daemon [_thread_blocked, id=11144, stack(0x0000000016990000,0x0000000016a90000)]
  0x0000000016491000 JavaThread "C2 CompilerThread1" daemon [_thread_in_native, id=10116, stack(0x0000000016890000,0x0000000016990000)]
=>0x0000000014d42000 JavaThread "C2 CompilerThread0" daemon [_thread_in_native, id=3620, stack(0x0000000016390000,0x0000000016490000)]
  0x0000000014d40000 JavaThread "Attach Listener" daemon [_thread_blocked, id=3556, stack(0x0000000016290000,0x0000000016390000)]
  0x0000000014d3e800 JavaThread "Signal Dispatcher" daemon [_thread_blocked, id=8668, stack(0x0000000016190000,0x0000000016290000)]
  0x0000000014d2a800 JavaThread "Finalizer" daemon [_thread_blocked, id=2200, stack(0x0000000015f90000,0x0000000016090000)]
  0x0000000002872000 JavaThread "Reference Handler" daemon [_thread_blocked, id=6204, stack(0x0000000015e90000,0x0000000015f90000)]
  0x0000000002783800 JavaThread "Forwarding newSession on session null to remote" [_thread_in_native, id=10036, stack(0x00000000025a0000,0x00000000026a0000)]

Other Threads:
  0x0000000014d08000 VMThread [stack: 0x0000000015d90000,0x0000000015e90000] [id=9552]
  0x00000000164b5800 WatcherThread [stack: 0x0000000016b90000,0x0000000016c90000] [id=3112]

VM state:not at safepoint (normal execution)

VM Mutex/Monitor currently owned by a thread: None

heap address: 0x00000000c3a00000, size: 966 MB, Compressed Oops mode: 32-bit
Narrow klass base: 0x0000000000000000, Narrow klass shift: 3
Compressed class space size: 1073741824 Address: 0x0000000100000000

Heap:
 PSYoungGen      total 18432K, used 11816K [0x00000000ebe00000, 0x00000000ed280000, 0x0000000100000000)
  eden space 15872K, 58% used [0x00000000ebe00000,0x00000000ec712260,0x00000000ecd80000)
  from space 2560K, 98% used [0x00000000ed000000,0x00000000ed278030,0x00000000ed280000)
  to   space 2560K, 0% used [0x00000000ecd80000,0x00000000ecd80000,0x00000000ed000000)
 ParOldGen       total 42496K, used 3690K [0x00000000c3a00000, 0x00000000c6380000, 0x00000000ebe00000)
  object space 42496K, 8% used [0x00000000c3a00000,0x00000000c3d9a858,0x00000000c6380000)
 Metaspace       used 12532K, capacity 12756K, committed 12928K, reserved 1060864K
  class space    used 1522K, capacity 1604K, committed 1664K, reserved 1048576K

Card table byte_map: [0x0000000011c40000,0x0000000011e30000] byte_map_base: 0x0000000011623000

Marking Bits: (ParMarkBitMap*) 0x0000000074aa5ce0
 Begin Bits: [0x0000000012380000, 0x0000000013298000)
 End Bits:   [0x0000000013298000, 0x00000000141b0000)

Polling page: 0x0000000000d60000

CodeCache: size=245760Kb used=4599Kb max_used=4599Kb free=241160Kb
 bounds [0x0000000002880000, 0x0000000002d10000, 0x0000000011880000]
 total_blobs=1611 nmethods=1241 adapters=283
 compilation: enabled

Compilation events (10 events):
Event: 1.887 Thread 0x0000000016496000 1237       3       jdk.internal.org.objectweb.asm.Label::resolve (214 bytes)
Event: 1.888 Thread 0x0000000016496000 nmethod 1237 0x0000000002cfed90 code [0x0000000002cfef20, 0x0000000002cff3f0]
Event: 1.889 Thread 0x0000000016496000 1238       3       java.lang.Enum::<init> (15 bytes)
Event: 1.889 Thread 0x0000000016496000 nmethod 1238 0x0000000002cff850 code [0x0000000002cff9a0, 0x0000000002cffb70]
Event: 2.098 Thread 0x0000000016496000 1240       3       java.io.PrintStream::ensureOpen (18 bytes)
Event: 2.099 Thread 0x0000000016496000 nmethod 1240 0x0000000002cfffd0 code [0x0000000002d00140, 0x0000000002d00388]
Event: 2.099 Thread 0x0000000016496000 1241       3       org.openqa.selenium.io.MultiOutputStream::write (24 bytes)
Event: 2.099 Thread 0x0000000016496000 nmethod 1241 0x0000000002d00450 code [0x0000000002d005c0, 0x0000000002d008f8]
Event: 2.419 Thread 0x0000000014d42000 1242  s    4       sun.misc.URLClassPath::getNextLoader (88 bytes)
Event: 2.420 Thread 0x0000000016491000 1243  s!   4       sun.misc.URLClassPath::getLoader (243 bytes)

GC Heap History (4 events):
Event: 0.881 GC heap before
{Heap before GC invocations=1 (full 0):
 PSYoungGen      total 18432K, used 15872K [0x00000000ebe00000, 0x00000000ed280000, 0x0000000100000000)
  eden space 15872K, 100% used [0x00000000ebe00000,0x00000000ecd80000,0x00000000ecd80000)
  from space 2560K, 0% used [0x00000000ed000000,0x00000000ed000000,0x00000000ed280000)
  to   space 2560K, 0% used [0x00000000ecd80000,0x00000000ecd80000,0x00000000ed000000)
 ParOldGen       total 42496K, used 0K [0x00000000c3a00000, 0x00000000c6380000, 0x00000000ebe00000)
  object space 42496K, 0% used [0x00000000c3a00000,0x00000000c3a00000,0x00000000c6380000)
 Metaspace       used 8382K, capacity 8594K, committed 8832K, reserved 1056768K
  class space    used 961K, capacity 1030K, committed 1152K, reserved 1048576K
Event: 0.885 GC heap after
Heap after GC invocations=1 (full 0):
 PSYoungGen      total 18432K, used 2544K [0x00000000ebe00000, 0x00000000ed280000, 0x0000000100000000)
  eden space 15872K, 0% used [0x00000000ebe00000,0x00000000ebe00000,0x00000000ecd80000)
  from space 2560K, 99% used [0x00000000ecd80000,0x00000000ecffc040,0x00000000ed000000)
  to   space 2560K, 0% used [0x00000000ed000000,0x00000000ed000000,0x00000000ed280000)
 ParOldGen       total 42496K, used 847K [0x00000000c3a00000, 0x00000000c6380000, 0x00000000ebe00000)
  object space 42496K, 1% used [0x00000000c3a00000,0x00000000c3ad3f68,0x00000000c6380000)
 Metaspace       used 8382K, capacity 8594K, committed 8832K, reserved 1056768K
  class space    used 961K, capacity 1030K, committed 1152K, reserved 1048576K
}
Event: 1.690 GC heap before
{Heap before GC invocations=2 (full 0):
 PSYoungGen      total 18432K, used 18416K [0x00000000ebe00000, 0x00000000ed280000, 0x0000000100000000)
  eden space 15872K, 100% used [0x00000000ebe00000,0x00000000ecd80000,0x00000000ecd80000)
  from space 2560K, 99% used [0x00000000ecd80000,0x00000000ecffc040,0x00000000ed000000)
  to   space 2560K, 0% used [0x00000000ed000000,0x00000000ed000000,0x00000000ed280000)
 ParOldGen       total 42496K, used 847K [0x00000000c3a00000, 0x00000000c6380000, 0x00000000ebe00000)
  object space 42496K, 1% used [0x00000000c3a00000,0x00000000c3ad3f68,0x00000000c6380000)
 Metaspace       used 11043K, capacity 11250K, committed 11392K, reserved 1058816K
  class space    used 1311K, capacity 1403K, committed 1408K, reserved 1048576K
Event: 1.699 GC heap after
Heap after GC invocations=2 (full 0):
 PSYoungGen      total 18432K, used 2528K [0x00000000ebe00000, 0x00000000ed280000, 0x0000000100000000)
  eden space 15872K, 0% used [0x00000000ebe00000,0x00000000ebe00000,0x00000000ecd80000)
  from space 2560K, 98% used [0x00000000ed000000,0x00000000ed278030,0x00000000ed280000)
  to   space 2560K, 0% used [0x00000000ecd80000,0x00000000ecd80000,0x00000000ed000000)
 ParOldGen       total 42496K, used 3690K [0x00000000c3a00000, 0x00000000c6380000, 0x00000000ebe00000)
  object space 42496K, 8% used [0x00000000c3a00000,0x00000000c3d9a858,0x00000000c6380000)
 Metaspace       used 11043K, capacity 11250K, committed 11392K, reserved 1058816K
  class space    used 1311K, capacity 1403K, committed 1408K, reserved 1048576K
}

Deoptimization events (10 events):
Event: 0.910 Thread 0x0000000002783800 Uncommon trap: reason=unstable_if action=reinterpret pc=0x0000000002b8d130 method=java.io.ByteArrayInputStream.read([BII)I @ 63
Event: 0.916 Thread 0x0000000002783800 Uncommon trap: reason=unstable_if action=reinterpret pc=0x0000000002b567d0 method=java.io.ByteArrayInputStream.read()I @ 8
Event: 1.121 Thread 0x0000000002783800 Uncommon trap: reason=unstable_if action=reinterpret pc=0x0000000002b17148 method=java.io.WinNTFileSystem.normalize(Ljava/lang/String;)Ljava/lang/String; @ 128
Event: 1.137 Thread 0x0000000002783800 Uncommon trap: reason=class_check action=maybe_recompile pc=0x0000000002ba9f24 method=java.util.regex.Pattern$BmpCharProperty.match(Ljava/util/regex/Matcher;ILjava/lang/CharSequence;)Z @ 31
Event: 1.137 Thread 0x0000000002783800 Uncommon trap: reason=unstable_if action=reinterpret pc=0x0000000002ba9ec0 method=java.util.regex.Pattern$BmpCharProperty.match(Ljava/util/regex/Matcher;ILjava/lang/CharSequence;)Z @ 5
Event: 1.603 Thread 0x0000000002783800 Uncommon trap: reason=unstable_if action=reinterpret pc=0x0000000002be21e0 method=java.util.Arrays.equals([B[B)Z @ 2
Event: 1.607 Thread 0x0000000002783800 Uncommon trap: reason=unstable_if action=reinterpret pc=0x0000000002b1f634 method=java.lang.CharacterDataLatin1.digit(II)I @ 60
Event: 1.607 Thread 0x0000000002783800 Uncommon trap: reason=unstable_if action=reinterpret pc=0x0000000002b21ef0 method=java.lang.CharacterDataLatin1.digit(II)I @ 60
Event: 1.664 Thread 0x0000000002783800 Uncommon trap: reason=class_check action=maybe_recompile pc=0x0000000002c85028 method=java.util.Properties$LineReader.readLine()I @ 410
Event: 1.877 Thread 0x0000000002783800 Uncommon trap: reason=unstable_if action=reinterpret pc=0x0000000002a10964 method=java.lang.String.replace(CC)Ljava/lang/String; @ 2

Classes redefined (0 events):
No events

Internal exceptions (10 events):
Event: 0.039 Thread 0x0000000002783800 Exception <a 'java/lang/NoSuchMethodError': Method sun.misc.Unsafe.prefetchRead(Ljava/lang/Object;J)V name or signature does not match> (0x00000000ebe07f98) thrown at [C:\re\workspace\8-2-build-windows-amd64-cygwin\jdk8u202\12323\hotspot\src\share\vm\prim
Event: 0.468 Thread 0x0000000002783800 Exception <a 'java/security/PrivilegedActionException'> (0x00000000ec4547d0) thrown at [C:\re\workspace\8-2-build-windows-amd64-cygwin\jdk8u202\12323\hotspot\src\share\vm\prims\jvm.cpp, line 1502]
Event: 0.468 Thread 0x0000000002783800 Exception <a 'java/security/PrivilegedActionException'> (0x00000000ec454bc8) thrown at [C:\re\workspace\8-2-build-windows-amd64-cygwin\jdk8u202\12323\hotspot\src\share\vm\prims\jvm.cpp, line 1502]
Event: 0.469 Thread 0x0000000002783800 Exception <a 'java/security/PrivilegedActionException'> (0x00000000ec458c08) thrown at [C:\re\workspace\8-2-build-windows-amd64-cygwin\jdk8u202\12323\hotspot\src\share\vm\prims\jvm.cpp, line 1502]
Event: 0.469 Thread 0x0000000002783800 Exception <a 'java/security/PrivilegedActionException'> (0x00000000ec459000) thrown at [C:\re\workspace\8-2-build-windows-amd64-cygwin\jdk8u202\12323\hotspot\src\share\vm\prims\jvm.cpp, line 1502]
Event: 0.521 Thread 0x0000000002783800 Exception <a 'java/lang/NoClassDefFoundError': org/slf4j/impl/StaticLoggerBinder> (0x00000000ec5b9470) thrown at [C:\re\workspace\8-2-build-windows-amd64-cygwin\jdk8u202\12323\hotspot\src\share\vm\classfile\systemDictionary.cpp, line 199]
Event: 0.575 Thread 0x0000000002783800 Implicit null exception at 0x0000000002a68165 to 0x0000000002a68941
Event: 0.670 Thread 0x0000000002783800 Exception <a 'java/lang/NoSuchFieldError': method resolution failed> (0x00000000ec890a58) thrown at [C:\re\workspace\8-2-build-windows-amd64-cygwin\jdk8u202\12323\hotspot\src\share\vm\prims\methodHandles.cpp, line 1167]
Event: 0.684 Thread 0x0000000002783800 Exception <a 'java/lang/NoSuchFieldError': method resolution failed> (0x00000000ec89e148) thrown at [C:\re\workspace\8-2-build-windows-amd64-cygwin\jdk8u202\12323\hotspot\src\share\vm\prims\methodHandles.cpp, line 1167]
Event: 2.385 Thread 0x00000000174fc800 Exception <a 'java/net/SocketTimeoutException': connect timed out> (0x00000000ec659c78) thrown at [C:\re\workspace\8-2-build-windows-amd64-cygwin\jdk8u202\12323\hotspot\src\share\vm\prims\jni.cpp, line 736]

Events (10 events):
Event: 2.418 loading class java/lang/ThreadLocal$SuppliedThreadLocal
Event: 2.418 loading class java/lang/ThreadLocal$SuppliedThreadLocal done
Event: 2.419 loading class org/openqa/selenium/logging/profiler/EventType
Event: 2.419 loading class org/openqa/selenium/logging/profiler/EventType done
Event: 2.420 loading class java/util/Collections$SingletonSet
Event: 2.420 loading class java/util/Collections$SingletonSet done
Event: 2.420 loading class com/google/common/io/FileBackedOutputStream$MemoryOutput
Event: 2.420 loading class com/google/common/io/FileBackedOutputStream$MemoryOutput done
Event: 2.421 loading class com/google/common/io/ByteSource
Event: 2.421 loading class com/google/common/io/ByteSource done


Dynamic libraries:
0x00007ff628d70000 - 0x00007ff628da7000 	C:\Program Files\Java\jre1.8.0_202\bin\javaw.exe
0x00007ffc4a920000 - 0x00007ffc4ab29000 	C:\WINDOWS\SYSTEM32\ntdll.dll
0x00007ffc48c20000 - 0x00007ffc48cde000 	C:\WINDOWS\System32\KERNEL32.DLL
0x00007ffc481e0000 - 0x00007ffc48564000 	C:\WINDOWS\System32\KERNELBASE.dll
0x00007ffc4a510000 - 0x00007ffc4a5bf000 	C:\WINDOWS\System32\ADVAPI32.dll
0x00007ffc48ce0000 - 0x00007ffc48d83000 	C:\WINDOWS\System32\msvcrt.dll
0x00007ffc48780000 - 0x00007ffc4881e000 	C:\WINDOWS\System32\sechost.dll
0x00007ffc49770000 - 0x00007ffc49891000 	C:\WINDOWS\System32\RPCRT4.dll
0x00007ffc4a730000 - 0x00007ffc4a8dd000 	C:\WINDOWS\System32\USER32.dll
0x00007ffc480f0000 - 0x00007ffc48116000 	C:\WINDOWS\System32\win32u.dll
0x00007ffc488c0000 - 0x00007ffc488ea000 	C:\WINDOWS\System32\GDI32.dll
0x00007ffc47dc0000 - 0x00007ffc47edf000 	C:\WINDOWS\System32\gdi32full.dll
0x00007ffc486e0000 - 0x00007ffc4877d000 	C:\WINDOWS\System32\msvcp_win.dll
0x00007ffc47ee0000 - 0x00007ffc47ff1000 	C:\WINDOWS\System32\ucrtbase.dll
0x00007ffc2c9b0000 - 0x00007ffc2cc55000 	C:\WINDOWS\WinSxS\amd64_microsoft.windows.common-controls_6595b64144ccf1df_6.0.22000.120_none_9d947278b86cc467\COMCTL32.dll
0x00007ffc498a0000 - 0x00007ffc498d1000 	C:\WINDOWS\System32\IMM32.DLL
0x00000000740c0000 - 0x0000000074192000 	C:\Program Files\Java\jre1.8.0_202\bin\msvcr100.dll
0x0000000074280000 - 0x0000000074b25000 	C:\Program Files\Java\jre1.8.0_202\bin\server\jvm.dll
0x00007ffc4a500000 - 0x00007ffc4a508000 	C:\WINDOWS\System32\PSAPI.DLL
0x00007ffc438e0000 - 0x00007ffc438e9000 	C:\WINDOWS\SYSTEM32\WSOCK32.dll
0x00007ffc4a290000 - 0x00007ffc4a2ff000 	C:\WINDOWS\System32\WS2_32.dll
0x00007ffc40c70000 - 0x00007ffc40ca3000 	C:\WINDOWS\SYSTEM32\WINMM.dll
0x00007ffc39c40000 - 0x00007ffc39c4a000 	C:\WINDOWS\SYSTEM32\VERSION.dll
0x00007ffc41190000 - 0x00007ffc4119f000 	C:\Program Files\Java\jre1.8.0_202\bin\verify.dll
0x00007ffc38770000 - 0x00007ffc38799000 	C:\Program Files\Java\jre1.8.0_202\bin\java.dll
0x00007ffc409a0000 - 0x00007ffc409b6000 	C:\Program Files\Java\jre1.8.0_202\bin\zip.dll
0x00007ffc49a60000 - 0x00007ffc4a225000 	C:\WINDOWS\System32\SHELL32.dll
0x00007ffc45e90000 - 0x00007ffc466f4000 	C:\WINDOWS\SYSTEM32\windows.storage.dll
0x00007ffc49200000 - 0x00007ffc49576000 	C:\WINDOWS\System32\combase.dll
0x00007ffc45d20000 - 0x00007ffc45e87000 	C:\WINDOWS\SYSTEM32\wintypes.dll
0x00007ffc49950000 - 0x00007ffc49a3a000 	C:\WINDOWS\System32\SHCORE.dll
0x00007ffc4a230000 - 0x00007ffc4a28d000 	C:\WINDOWS\System32\shlwapi.dll
0x00007ffc47cf0000 - 0x00007ffc47d11000 	C:\WINDOWS\SYSTEM32\profapi.dll
0x00007ffc38110000 - 0x00007ffc3812a000 	C:\Program Files\Java\jre1.8.0_202\bin\net.dll
0x00007ffc3f230000 - 0x00007ffc3f41f000 	C:\WINDOWS\SYSTEM32\urlmon.dll
0x00007ffc3ef40000 - 0x00007ffc3f1f3000 	C:\WINDOWS\SYSTEM32\iertutil.dll
0x00007ffc3f200000 - 0x00007ffc3f228000 	C:\WINDOWS\SYSTEM32\srvcli.dll
0x00007ffc46940000 - 0x00007ffc4694c000 	C:\WINDOWS\SYSTEM32\netutils.dll
0x00007ffc472e0000 - 0x00007ffc47347000 	C:\WINDOWS\system32\mswsock.dll
0x00007ffc39040000 - 0x00007ffc39064000 	C:\Program Files\Java\jre1.8.0_202\bin\sunec.dll
0x00007ffc46950000 - 0x00007ffc4697d000 	C:\WINDOWS\SYSTEM32\IPHLPAPI.DLL
0x00007ffc49a50000 - 0x00007ffc49a59000 	C:\WINDOWS\System32\NSI.dll
0x00007ffc3f870000 - 0x00007ffc3f889000 	C:\WINDOWS\SYSTEM32\dhcpcsvc6.DLL
0x00007ffc402d0000 - 0x00007ffc402ee000 	C:\WINDOWS\SYSTEM32\dhcpcsvc.DLL
0x00007ffc469c0000 - 0x00007ffc46aa7000 	C:\WINDOWS\SYSTEM32\DNSAPI.dll
0x00007ffc380e0000 - 0x00007ffc380f2000 	C:\Program Files\Java\jre1.8.0_202\bin\nio.dll
0x00007ffc47530000 - 0x00007ffc47548000 	C:\WINDOWS\SYSTEM32\CRYPTSP.dll
0x00007ffc46d90000 - 0x00007ffc46dc5000 	C:\WINDOWS\system32\rsaenh.dll
0x00007ffc473e0000 - 0x00007ffc47409000 	C:\WINDOWS\SYSTEM32\USERENV.dll
0x00007ffc476b0000 - 0x00007ffc476d7000 	C:\WINDOWS\SYSTEM32\bcrypt.dll
0x00007ffc48000000 - 0x00007ffc4807f000 	C:\WINDOWS\System32\bcryptprimitives.dll
0x00007ffc47550000 - 0x00007ffc4755c000 	C:\WINDOWS\SYSTEM32\CRYPTBASE.dll
0x00007ffc38580000 - 0x00007ffc3858a000 	C:\Windows\System32\rasadhlp.dll
0x00007ffc3a0c0000 - 0x00007ffc3a142000 	C:\WINDOWS\System32\fwpuclnt.dll
0x00007ffc44b10000 - 0x00007ffc44b1b000 	C:\Program Files\Java\jre1.8.0_202\bin\sunmscapi.dll
0x00007ffc48570000 - 0x00007ffc486da000 	C:\WINDOWS\System32\CRYPT32.dll

VM Arguments:
jvm_args: -ea -Dfile.encoding=Cp1252 
java_command: org.eclipse.jdt.internal.junit.runner.RemoteTestRunner -version 3 -port 51284 -testLoaderClass org.eclipse.jdt.internal.junit4.runner.JUnit4TestLoader -loaderpluginname org.eclipse.jdt.junit4.runtime -classNames org.pom.JunitTest
java_class_path (initial): C:\Users\durga\eclipse-workspace\Project\target\test-classes;C:\Users\durga\eclipse-workspace\Project\target\classes;C:\Users\durga\.m2\repository\org\seleniumhq\selenium\selenium-java\3.141.59\selenium-java-3.141.59.jar;C:\Users\durga\.m2\repository\org\seleniumhq\selenium\selenium-api\3.141.59\selenium-api-3.141.59.jar;C:\Users\durga\.m2\repository\org\seleniumhq\selenium\selenium-chrome-driver\3.141.59\selenium-chrome-driver-3.141.59.jar;C:\Users\durga\.m2\repository\org\seleniumhq\selenium\selenium-edge-driver\3.141.59\selenium-edge-driver-3.141.59.jar;C:\Users\durga\.m2\repository\org\seleniumhq\selenium\selenium-firefox-driver\3.141.59\selenium-firefox-driver-3.141.59.jar;C:\Users\durga\.m2\repository\org\seleniumhq\selenium\selenium-ie-driver\3.141.59\selenium-ie-driver-3.141.59.jar;C:\Users\durga\.m2\repository\org\seleniumhq\selenium\selenium-opera-driver\3.141.59\selenium-opera-driver-3.141.59.jar;C:\Users\durga\.m2\repository\org\seleniumhq\selenium\selenium-remote-driver\3.141.59\selenium-remote-driver-3.141.59.jar;C:\Users\durga\.m2\repository\org\seleniumhq\selenium\selenium-safari-driver\3.141.59\selenium-safari-driver-3.141.59.jar;C:\Users\durga\.m2\repository\org\seleniumhq\selenium\selenium-support\3.141.59\selenium-support-3.141.59.jar;C:\Users\durga\.m2\repository\net\bytebuddy\byte-buddy\1.8.15\byte-buddy-1.8.15.jar;C:\Users\durga\.m2\repository\org\apache\commons\commons-exec\1.3\commons-exec-1.3.jar;C:\Users\durga\.m2\repository\com\google\guava\guava\25.0-jre\guava-25.0-jre.jar;C:\Users\durga\.m2\repository\com\google\code\findbugs\jsr305\1.3.9\jsr305-1.3.9.jar;C:\Users\durga\.m2\repository\org\checkerframework\checker-compat-qual\2.0.0\checker-compat-qual-2.0.0.jar;C:\Users\durga\.m2\repository\com\google\errorprone\error_prone_annotations\2.1.3\error_prone_annotations-2.1.3.jar;C:\Users\durga\.m2\repository\com\google\j2objc\j2objc-annotations\1.1\j2objc-annotations-1.1.jar;C:\Users\durga\.m2\repository\org\code
Launcher Type: SUN_STANDARD

Environment Variables:
JAVA_HOME=C:\Program Files\Java\jdk1.8.0_202
PATH=C:/Program Files/Java/jre1.8.0_202/bin/server;C:/Program Files/Java/jre1.8.0_202/bin;C:/Program Files/Java/jre1.8.0_202/lib/amd64;C:\oraclexe\app\oracle\product\10.2.0\server\bin;C:\Program Files (x86)\Common Files\Oracle\Java\javapath;C:\WINDOWS\system32;C:\WINDOWS;C:\WINDOWS\System32\Wbem;C:\WINDOWS\System32\WindowsPowerShell\v1.0\;C:\WINDOWS\System32\OpenSSH\;C:\Program Files\dotnet\;C:\Program Files\Java\jdk1.8.0_202\bin;C:\Users\durga\Downloads\apache-maven-3.9.0-bin\apache-maven-3.9.0\bin;C:\Program Files (x86)\Git\cmd;C:\Users\durga\AppData\Local\Microsoft\WindowsApps;;C:\Users\durga\Downloads\eclipse-committers-oxygen-3a-win32-x86_64\eclipse;
USERNAME=Durga
OS=Windows_NT
PROCESSOR_IDENTIFIER=Intel64 Family 6 Model 126 Stepping 5, GenuineIntel



---------------  S Y S T E M  ---------------

OS: Windows 10.0 , 64 bit Build 22000 (10.0.22000.2003)

CPU:total 4 (initial active 4) (2 cores per cpu, 2 threads per core) family 6 model 126 stepping 5, cmov, cx8, fxsr, mmx, sse, sse2, sse3, ssse3, sse4.1, sse4.2, popcnt, avx, avx2, aes, clmul, erms, 3dnowpref, lzcnt, ht, tsc, tscinvbit, bmi1, bmi2, adx

Memory: 4k page, physical 3956052k(430744k free), swap 6053204k(4416k free)

vm_info: Java HotSpot(TM) 64-Bit Server VM (25.202-b08) for windows-amd64 JRE (1.8.0_202-b08), built on Dec 15 2018 19:54:30 by "java_re" with MS VC++ 10.0 (VS2010)

time: Tue Jul 25 13:00:35 2023
timezone: India Standard Time
elapsed time: 2 seconds (0d 0h 0m 2s)

