#
# There is insufficient memory for the Java Runtime Environment to continue.
# Native memory allocation (malloc) failed to allocate 32784 bytes for Chunk::new
# Possible reasons:
#   The system is out of physical RAM or swap space
#   The process is running with CompressedOops enabled, and the Java Heap may be blocking the growth of the native heap
# Possible solutions:
#   Reduce memory load on the system
#   Increase physical memory or swap space
#   Check if swap backing store is full
#   Decrease Java heap size (-Xmx/-Xms)
#   Decrease number of Java threads
#   Decrease Java thread stack sizes (-Xss)
#   Set larger code cache with -XX:ReservedCodeCacheSize=
#   JVM is running with Unscaled Compressed Oops mode in which the Java heap is
#     placed in the first 4GB address space. The Java Heap base address is the
#     maximum limit for the native heap growth. Please use -XX:HeapBaseMinAddress
#     to set the Java Heap base and to place the Java Heap above 4GB virtual address.
# This output file may be truncated or incomplete.
#
#  Out of Memory Error (allocation.cpp:389), pid=9072, tid=0x00000000000025e0
#
# JRE version: Java(TM) SE Runtime Environment (8.0_202-b08) (build 1.8.0_202-b08)
# Java VM: Java HotSpot(TM) 64-Bit Server VM (25.202-b08 mixed mode windows-amd64 compressed oops)
# Failed to write core dump. Minidumps are not enabled by default on client versions of Windows
#

---------------  T H R E A D  ---------------

Current thread (0x0000000014f82000):  JavaThread "C2 CompilerThread0" daemon [_thread_in_native, id=9696, stack(0x00000000165d0000,0x00000000166d0000)]

Stack: [0x00000000165d0000,0x00000000166d0000]
[error occurred during error reporting (printing stack bounds), id 0xc0000005]

Native frames: (J=compiled Java code, j=interpreted, Vv=VM code, C=native code)


Current CompileTask:
C2:   1445 1032   !   4       sun.misc.URLClassPath$JarLoader::getResource (85 bytes)


---------------  P R O C E S S  ---------------

Java Threads: ( => current thread )
  0x0000000016aa8800 JavaThread "ReaderThread" [_thread_in_native, id=9904, stack(0x0000000016ed0000,0x0000000016fd0000)]
  0x00000000166db000 JavaThread "Service Thread" daemon [_thread_blocked, id=5520, stack(0x0000000016cd0000,0x0000000016dd0000)]
  0x00000000166d6000 JavaThread "C1 CompilerThread2" daemon [_thread_blocked, id=9184, stack(0x0000000016bd0000,0x0000000016cd0000)]
  0x00000000166d1000 JavaThread "C2 CompilerThread1" daemon [_thread_blocked, id=2356, stack(0x0000000016ad0000,0x0000000016bd0000)]
=>0x0000000014f82000 JavaThread "C2 CompilerThread0" daemon [_thread_in_native, id=9696, stack(0x00000000165d0000,0x00000000166d0000)]
  0x0000000014f80000 JavaThread "Attach Listener" daemon [_thread_blocked, id=9156, stack(0x00000000164d0000,0x00000000165d0000)]
  0x0000000014f7e800 JavaThread "Signal Dispatcher" daemon [_thread_blocked, id=2924, stack(0x00000000163d0000,0x00000000164d0000)]
  0x0000000014f6a800 JavaThread "Finalizer" daemon [_thread_blocked, id=1304, stack(0x00000000161d0000,0x00000000162d0000)]
  0x0000000002ab2000 JavaThread "Reference Handler" daemon [_thread_blocked, id=7620, stack(0x00000000160d0000,0x00000000161d0000)]
  0x00000000029c3800 JavaThread "main" [_thread_in_Java, id=7072, stack(0x0000000002770000,0x0000000002870000)]

Other Threads:
  0x0000000014f48000 VMThread [stack: 0x0000000015fd0000,0x00000000160d0000] [id=10812]
  0x00000000166e5800 WatcherThread [stack: 0x0000000016dd0000,0x0000000016ed0000] [id=8616]

VM state:not at safepoint (normal execution)

VM Mutex/Monitor currently owned by a thread: None

heap address: 0x00000000c3a00000, size: 966 MB, Compressed Oops mode: 32-bit
Narrow klass base: 0x0000000000000000, Narrow klass shift: 3
Compressed class space size: 1073741824 Address: 0x0000000100000000

Heap:
 PSYoungGen      total 18432K, used 14333K [0x00000000ebe00000, 0x00000000ed280000, 0x0000000100000000)
  eden space 15872K, 90% used [0x00000000ebe00000,0x00000000ecbff648,0x00000000ecd80000)
  from space 2560K, 0% used [0x00000000ecd80000,0x00000000ecd80000,0x00000000ed000000)
  to   space 2560K, 0% used [0x00000000ed000000,0x00000000ed000000,0x00000000ed280000)
 ParOldGen       total 29696K, used 1870K [0x00000000c3a00000, 0x00000000c5700000, 0x00000000ebe00000)
  object space 29696K, 6% used [0x00000000c3a00000,0x00000000c3bd3bc0,0x00000000c5700000)
 Metaspace       used 9575K, capacity 9832K, committed 9984K, reserved 1062912K
  class space    used 1109K, capacity 1228K, committed 1280K, reserved 1048576K

Card table byte_map: [0x0000000011e80000,0x0000000012070000] byte_map_base: 0x0000000011863000

Marking Bits: (ParMarkBitMap*) 0x0000000074aa5ce0
 Begin Bits: [0x00000000125c0000, 0x00000000134d8000)
 End Bits:   [0x00000000134d8000, 0x00000000143f0000)

Polling page: 0x00000000026b0000

CodeCache: size=245760Kb used=3830Kb max_used=3841Kb free=241929Kb
 bounds [0x0000000002ac0000, 0x0000000002e90000, 0x0000000011ac0000]
 total_blobs=1395 nmethods=1048 adapters=260
 compilation: enabled

Compilation events (10 events):
Event: 1.404 Thread 0x00000000166d6000 1034       3       java.net.URLStreamHandler::setURL (159 bytes)
Event: 1.405 Thread 0x00000000166d6000 nmethod 1034 0x0000000002e72bd0 code [0x0000000002e72e40, 0x0000000002e741c8]
Event: 1.405 Thread 0x00000000166d6000 1035       3       java.net.URLStreamHandler::sameFile (136 bytes)
Event: 1.406 Thread 0x00000000166d6000 nmethod 1035 0x0000000002e6e150 code [0x0000000002e6e340, 0x0000000002e6f348]
Event: 1.406 Thread 0x00000000166d6000 1036   !   3       sun.misc.URLClassPath$JarLoader::checkResource (55 bytes)
Event: 1.407 Thread 0x00000000166d6000 nmethod 1036 0x0000000002e74a50 code [0x0000000002e74c00, 0x0000000002e75268]
Event: 1.417 Thread 0x0000000014f82000 nmethod 1029 0x0000000002e798d0 code [0x0000000002e79b00, 0x0000000002e7b1d0]
Event: 1.417 Thread 0x0000000014f82000 1032   !   4       sun.misc.URLClassPath$JarLoader::getResource (85 bytes)
Event: 1.421 Thread 0x00000000166d1000 nmethod 1030 0x0000000002e7c1d0 code [0x0000000002e7c400, 0x0000000002e7dab0]
Event: 1.423 Thread 0x00000000166d6000 1037       3       java.security.CodeSource::equals (60 bytes)

GC Heap History (4 events):
Event: 0.649 GC heap before
{Heap before GC invocations=1 (full 0):
 PSYoungGen      total 18432K, used 9323K [0x00000000ebe00000, 0x00000000ed280000, 0x0000000100000000)
  eden space 15872K, 58% used [0x00000000ebe00000,0x00000000ec71ac08,0x00000000ecd80000)
  from space 2560K, 0% used [0x00000000ed000000,0x00000000ed000000,0x00000000ed280000)
  to   space 2560K, 0% used [0x00000000ecd80000,0x00000000ecd80000,0x00000000ed000000)
 ParOldGen       total 42496K, used 0K [0x00000000c3a00000, 0x00000000c6380000, 0x00000000ebe00000)
  object space 42496K, 0% used [0x00000000c3a00000,0x00000000c3a00000,0x00000000c6380000)
 Metaspace       used 6001K, capacity 6058K, committed 6144K, reserved 1062912K
  class space    used 685K, capacity 721K, committed 768K, reserved 1048576K
Event: 0.653 GC heap after
Heap after GC invocations=1 (full 0):
 PSYoungGen      total 18432K, used 1954K [0x00000000ebe00000, 0x00000000ed280000, 0x0000000100000000)
  eden space 15872K, 0% used [0x00000000ebe00000,0x00000000ebe00000,0x00000000ecd80000)
  from space 2560K, 76% used [0x00000000ecd80000,0x00000000ecf68920,0x00000000ed000000)
  to   space 2560K, 0% used [0x00000000ed000000,0x00000000ed000000,0x00000000ed280000)
 ParOldGen       total 42496K, used 8K [0x00000000c3a00000, 0x00000000c6380000, 0x00000000ebe00000)
  object space 42496K, 0% used [0x00000000c3a00000,0x00000000c3a02000,0x00000000c6380000)
 Metaspace       used 6001K, capacity 6058K, committed 6144K, reserved 1062912K
  class space    used 685K, capacity 721K, committed 768K, reserved 1048576K
}
Event: 0.653 GC heap before
{Heap before GC invocations=2 (full 1):
 PSYoungGen      total 18432K, used 1954K [0x00000000ebe00000, 0x00000000ed280000, 0x0000000100000000)
  eden space 15872K, 0% used [0x00000000ebe00000,0x00000000ebe00000,0x00000000ecd80000)
  from space 2560K, 76% used [0x00000000ecd80000,0x00000000ecf68920,0x00000000ed000000)
  to   space 2560K, 0% used [0x00000000ed000000,0x00000000ed000000,0x00000000ed280000)
 ParOldGen       total 42496K, used 8K [0x00000000c3a00000, 0x00000000c6380000, 0x00000000ebe00000)
  object space 42496K, 0% used [0x00000000c3a00000,0x00000000c3a02000,0x00000000c6380000)
 Metaspace       used 6001K, capacity 6058K, committed 6144K, reserved 1062912K
  class space    used 685K, capacity 721K, committed 768K, reserved 1048576K
Event: 0.662 GC heap after
Heap after GC invocations=2 (full 1):
 PSYoungGen      total 18432K, used 0K [0x00000000ebe00000, 0x00000000ed280000, 0x0000000100000000)
  eden space 15872K, 0% used [0x00000000ebe00000,0x00000000ebe00000,0x00000000ecd80000)
  from space 2560K, 0% used [0x00000000ecd80000,0x00000000ecd80000,0x00000000ed000000)
  to   space 2560K, 0% used [0x00000000ed000000,0x00000000ed000000,0x00000000ed280000)
 ParOldGen       total 29696K, used 1870K [0x00000000c3a00000, 0x00000000c5700000, 0x00000000ebe00000)
  object space 29696K, 6% used [0x00000000c3a00000,0x00000000c3bd3bc0,0x00000000c5700000)
 Metaspace       used 6001K, capacity 6058K, committed 6144K, reserved 1060864K
  class space    used 685K, capacity 721K, committed 768K, reserved 1048576K
}

Deoptimization events (10 events):
Event: 0.507 Thread 0x00000000029c3800 Uncommon trap: reason=unstable_if action=reinterpret pc=0x0000000002c7eeb8 method=sun.misc.URLClassPath.getLoader(I)Lsun/misc/URLClassPath$Loader; @ 36
Event: 0.507 Thread 0x00000000029c3800 Uncommon trap: reason=unstable_if action=reinterpret pc=0x0000000002c7e290 method=sun.misc.URLClassPath.getLoader(I)Lsun/misc/URLClassPath$Loader; @ 36
Event: 0.507 Thread 0x00000000029c3800 Uncommon trap: reason=unstable_if action=reinterpret pc=0x0000000002c8b030 method=sun.misc.MetaIndex.mayContain(Ljava/lang/String;)Z @ 13
Event: 0.630 Thread 0x00000000029c3800 Uncommon trap: reason=unstable_if action=reinterpret pc=0x0000000002caa730 method=java.util.zip.ZipCoder.encoder()Ljava/nio/charset/CharsetEncoder; @ 4
Event: 0.762 Thread 0x00000000029c3800 Uncommon trap: reason=unstable_if action=reinterpret pc=0x0000000002cdcfa0 method=java.lang.String.indexOf([CII[CIII)I @ 3
Event: 0.892 Thread 0x00000000029c3800 Uncommon trap: reason=unstable_if action=reinterpret pc=0x0000000002dcbff0 method=java.io.ByteArrayInputStream.read([BII)I @ 63
Event: 0.898 Thread 0x00000000029c3800 Uncommon trap: reason=unstable_if action=reinterpret pc=0x0000000002d8c410 method=java.io.ByteArrayInputStream.read()I @ 8
Event: 1.112 Thread 0x00000000029c3800 Uncommon trap: reason=unstable_if action=reinterpret pc=0x0000000002d56288 method=java.io.WinNTFileSystem.normalize(Ljava/lang/String;)Ljava/lang/String; @ 128
Event: 1.121 Thread 0x00000000029c3800 Uncommon trap: reason=class_check action=maybe_recompile pc=0x0000000002de9e64 method=java.util.regex.Pattern$BmpCharProperty.match(Ljava/util/regex/Matcher;ILjava/lang/CharSequence;)Z @ 31
Event: 1.121 Thread 0x00000000029c3800 Uncommon trap: reason=unstable_if action=reinterpret pc=0x0000000002de9e00 method=java.util.regex.Pattern$BmpCharProperty.match(Ljava/util/regex/Matcher;ILjava/lang/CharSequence;)Z @ 5

Classes redefined (0 events):
No events

Internal exceptions (10 events):
Event: 0.046 Thread 0x00000000029c3800 Exception <a 'java/lang/NoSuchMethodError': Method sun.misc.Unsafe.defineClass(Ljava/lang/String;[BII)Ljava/lang/Class; name or signature does not match> (0x00000000ebe07cb0) thrown at [C:\re\workspace\8-2-build-windows-amd64-cygwin\jdk8u202\12323\hotspot
Event: 0.047 Thread 0x00000000029c3800 Exception <a 'java/lang/NoSuchMethodError': Method sun.misc.Unsafe.prefetchRead(Ljava/lang/Object;J)V name or signature does not match> (0x00000000ebe07f98) thrown at [C:\re\workspace\8-2-build-windows-amd64-cygwin\jdk8u202\12323\hotspot\src\share\vm\prim
Event: 0.508 Thread 0x00000000029c3800 Exception <a 'java/security/PrivilegedActionException'> (0x00000000ec455ac8) thrown at [C:\re\workspace\8-2-build-windows-amd64-cygwin\jdk8u202\12323\hotspot\src\share\vm\prims\jvm.cpp, line 1502]
Event: 0.508 Thread 0x00000000029c3800 Exception <a 'java/security/PrivilegedActionException'> (0x00000000ec455ec0) thrown at [C:\re\workspace\8-2-build-windows-amd64-cygwin\jdk8u202\12323\hotspot\src\share\vm\prims\jvm.cpp, line 1502]
Event: 0.508 Thread 0x00000000029c3800 Exception <a 'java/security/PrivilegedActionException'> (0x00000000ec459f00) thrown at [C:\re\workspace\8-2-build-windows-amd64-cygwin\jdk8u202\12323\hotspot\src\share\vm\prims\jvm.cpp, line 1502]
Event: 0.508 Thread 0x00000000029c3800 Exception <a 'java/security/PrivilegedActionException'> (0x00000000ec45a2f8) thrown at [C:\re\workspace\8-2-build-windows-amd64-cygwin\jdk8u202\12323\hotspot\src\share\vm\prims\jvm.cpp, line 1502]
Event: 0.578 Thread 0x00000000029c3800 Exception <a 'java/lang/NoClassDefFoundError': org/slf4j/impl/StaticLoggerBinder> (0x00000000ec5bb0e8) thrown at [C:\re\workspace\8-2-build-windows-amd64-cygwin\jdk8u202\12323\hotspot\src\share\vm\classfile\systemDictionary.cpp, line 199]
Event: 0.630 Thread 0x00000000029c3800 Implicit null exception at 0x0000000002caa2ba to 0x0000000002caa719
Event: 0.729 Thread 0x00000000029c3800 Exception <a 'java/lang/NoSuchFieldError': method resolution failed> (0x00000000ebfbf100) thrown at [C:\re\workspace\8-2-build-windows-amd64-cygwin\jdk8u202\12323\hotspot\src\share\vm\prims\methodHandles.cpp, line 1167]
Event: 0.735 Thread 0x00000000029c3800 Exception <a 'java/lang/NoSuchFieldError': method resolution failed> (0x00000000ebfcc7f0) thrown at [C:\re\workspace\8-2-build-windows-amd64-cygwin\jdk8u202\12323\hotspot\src\share\vm\prims\methodHandles.cpp, line 1167]

Events (10 events):
Event: 1.401 loading class org/apache/hc/core5/http/message/LineFormatter
Event: 1.401 loading class org/apache/hc/core5/http/message/LineFormatter done
Event: 1.402 loading class org/apache/hc/core5/http/io/HttpMessageWriter
Event: 1.402 loading class org/apache/hc/core5/http/io/HttpMessageWriter done
Event: 1.402 loading class org/apache/hc/core5/http/message/BasicLineFormatter
Event: 1.402 loading class org/apache/hc/core5/http/message/BasicLineFormatter done
Event: 1.403 loading class org/apache/hc/client5/http/impl/io/DefaultHttpResponseParserFactory
Event: 1.403 loading class org/apache/hc/client5/http/impl/io/DefaultHttpResponseParserFactory done
Event: 1.406 loading class org/apache/hc/core5/http/message/LineParser
Event: 1.406 loading class org/apache/hc/core5/http/message/LineParser done


Dynamic libraries:
0x00007ff7bffe0000 - 0x00007ff7c0017000 	C:\Program Files\Java\jre1.8.0_202\bin\javaw.exe
0x00007ffc4a920000 - 0x00007ffc4ab29000 	C:\WINDOWS\SYSTEM32\ntdll.dll
0x00007ffc48c20000 - 0x00007ffc48cde000 	C:\WINDOWS\System32\KERNEL32.DLL
0x00007ffc481e0000 - 0x00007ffc48564000 	C:\WINDOWS\System32\KERNELBASE.dll
0x00007ffc4a510000 - 0x00007ffc4a5bf000 	C:\WINDOWS\System32\ADVAPI32.dll
0x00007ffc48ce0000 - 0x00007ffc48d83000 	C:\WINDOWS\System32\msvcrt.dll
0x00007ffc48780000 - 0x00007ffc4881e000 	C:\WINDOWS\System32\sechost.dll
0x00007ffc49770000 - 0x00007ffc49891000 	C:\WINDOWS\System32\RPCRT4.dll
0x00007ffc4a730000 - 0x00007ffc4a8dd000 	C:\WINDOWS\System32\USER32.dll
0x00007ffc480f0000 - 0x00007ffc48116000 	C:\WINDOWS\System32\win32u.dll
0x00007ffc488c0000 - 0x00007ffc488ea000 	C:\WINDOWS\System32\GDI32.dll
0x00007ffc47dc0000 - 0x00007ffc47edf000 	C:\WINDOWS\System32\gdi32full.dll
0x00007ffc486e0000 - 0x00007ffc4877d000 	C:\WINDOWS\System32\msvcp_win.dll
0x00007ffc47ee0000 - 0x00007ffc47ff1000 	C:\WINDOWS\System32\ucrtbase.dll
0x00007ffc2c9b0000 - 0x00007ffc2cc55000 	C:\WINDOWS\WinSxS\amd64_microsoft.windows.common-controls_6595b64144ccf1df_6.0.22000.120_none_9d947278b86cc467\COMCTL32.dll
0x00007ffc498a0000 - 0x00007ffc498d1000 	C:\WINDOWS\System32\IMM32.DLL
0x00000000740c0000 - 0x0000000074192000 	C:\Program Files\Java\jre1.8.0_202\bin\msvcr100.dll
0x0000000074280000 - 0x0000000074b25000 	C:\Program Files\Java\jre1.8.0_202\bin\server\jvm.dll
0x00007ffc4a500000 - 0x00007ffc4a508000 	C:\WINDOWS\System32\PSAPI.DLL
0x00007ffc438e0000 - 0x00007ffc438e9000 	C:\WINDOWS\SYSTEM32\WSOCK32.dll
0x00007ffc4a290000 - 0x00007ffc4a2ff000 	C:\WINDOWS\System32\WS2_32.dll
0x00007ffc40c70000 - 0x00007ffc40ca3000 	C:\WINDOWS\SYSTEM32\WINMM.dll
0x00007ffc39c40000 - 0x00007ffc39c4a000 	C:\WINDOWS\SYSTEM32\VERSION.dll
0x00007ffc41190000 - 0x00007ffc4119f000 	C:\Program Files\Java\jre1.8.0_202\bin\verify.dll
0x00007ffc38770000 - 0x00007ffc38799000 	C:\Program Files\Java\jre1.8.0_202\bin\java.dll
0x00007ffc409a0000 - 0x00007ffc409b6000 	C:\Program Files\Java\jre1.8.0_202\bin\zip.dll
0x00007ffc49a60000 - 0x00007ffc4a225000 	C:\WINDOWS\System32\SHELL32.dll
0x00007ffc45e90000 - 0x00007ffc466f4000 	C:\WINDOWS\SYSTEM32\windows.storage.dll
0x00007ffc49200000 - 0x00007ffc49576000 	C:\WINDOWS\System32\combase.dll
0x00007ffc45d20000 - 0x00007ffc45e87000 	C:\WINDOWS\SYSTEM32\wintypes.dll
0x00007ffc49950000 - 0x00007ffc49a3a000 	C:\WINDOWS\System32\SHCORE.dll
0x00007ffc4a230000 - 0x00007ffc4a28d000 	C:\WINDOWS\System32\shlwapi.dll
0x00007ffc47cf0000 - 0x00007ffc47d11000 	C:\WINDOWS\SYSTEM32\profapi.dll
0x00007ffc38110000 - 0x00007ffc3812a000 	C:\Program Files\Java\jre1.8.0_202\bin\net.dll
0x00007ffc3f230000 - 0x00007ffc3f41f000 	C:\WINDOWS\SYSTEM32\urlmon.dll
0x00007ffc3ef40000 - 0x00007ffc3f1f3000 	C:\WINDOWS\SYSTEM32\iertutil.dll
0x00007ffc3f200000 - 0x00007ffc3f228000 	C:\WINDOWS\SYSTEM32\srvcli.dll
0x00007ffc46940000 - 0x00007ffc4694c000 	C:\WINDOWS\SYSTEM32\netutils.dll
0x00007ffc472e0000 - 0x00007ffc47347000 	C:\WINDOWS\system32\mswsock.dll
0x00007ffc39040000 - 0x00007ffc39064000 	C:\Program Files\Java\jre1.8.0_202\bin\sunec.dll
0x00007ffc46950000 - 0x00007ffc4697d000 	C:\WINDOWS\SYSTEM32\IPHLPAPI.DLL
0x00007ffc49a50000 - 0x00007ffc49a59000 	C:\WINDOWS\System32\NSI.dll
0x00007ffc3f870000 - 0x00007ffc3f889000 	C:\WINDOWS\SYSTEM32\dhcpcsvc6.DLL
0x00007ffc402d0000 - 0x00007ffc402ee000 	C:\WINDOWS\SYSTEM32\dhcpcsvc.DLL
0x00007ffc469c0000 - 0x00007ffc46aa7000 	C:\WINDOWS\SYSTEM32\DNSAPI.dll
0x00007ffc380e0000 - 0x00007ffc380f2000 	C:\Program Files\Java\jre1.8.0_202\bin\nio.dll
0x00007ffc47530000 - 0x00007ffc47548000 	C:\WINDOWS\SYSTEM32\CRYPTSP.dll
0x00007ffc46d90000 - 0x00007ffc46dc5000 	C:\WINDOWS\system32\rsaenh.dll
0x00007ffc473e0000 - 0x00007ffc47409000 	C:\WINDOWS\SYSTEM32\USERENV.dll
0x00007ffc476b0000 - 0x00007ffc476d7000 	C:\WINDOWS\SYSTEM32\bcrypt.dll
0x00007ffc48000000 - 0x00007ffc4807f000 	C:\WINDOWS\System32\bcryptprimitives.dll
0x00007ffc47550000 - 0x00007ffc4755c000 	C:\WINDOWS\SYSTEM32\CRYPTBASE.dll

VM Arguments:
jvm_args: -ea -Dfile.encoding=Cp1252 
java_command: org.eclipse.jdt.internal.junit.runner.RemoteTestRunner -version 3 -port 50970 -testLoaderClass org.eclipse.jdt.internal.junit4.runner.JUnit4TestLoader -loaderpluginname org.eclipse.jdt.junit4.runtime -classNames org.pom.JunitTest
java_class_path (initial): C:\Users\durga\eclipse-workspace\Project\target\test-classes;C:\Users\durga\eclipse-workspace\Project\target\classes;C:\Users\durga\.m2\repository\org\seleniumhq\selenium\selenium-java\3.141.59\selenium-java-3.141.59.jar;C:\Users\durga\.m2\repository\org\seleniumhq\selenium\selenium-api\3.141.59\selenium-api-3.141.59.jar;C:\Users\durga\.m2\repository\org\seleniumhq\selenium\selenium-chrome-driver\3.141.59\selenium-chrome-driver-3.141.59.jar;C:\Users\durga\.m2\repository\org\seleniumhq\selenium\selenium-edge-driver\3.141.59\selenium-edge-driver-3.141.59.jar;C:\Users\durga\.m2\repository\org\seleniumhq\selenium\selenium-firefox-driver\3.141.59\selenium-firefox-driver-3.141.59.jar;C:\Users\durga\.m2\repository\org\seleniumhq\selenium\selenium-ie-driver\3.141.59\selenium-ie-driver-3.141.59.jar;C:\Users\durga\.m2\repository\org\seleniumhq\selenium\selenium-opera-driver\3.141.59\selenium-opera-driver-3.141.59.jar;C:\Users\durga\.m2\repository\org\seleniumhq\selenium\selenium-remote-driver\3.141.59\selenium-remote-driver-3.141.59.jar;C:\Users\durga\.m2\repository\org\seleniumhq\selenium\selenium-safari-driver\3.141.59\selenium-safari-driver-3.141.59.jar;C:\Users\durga\.m2\repository\org\seleniumhq\selenium\selenium-support\3.141.59\selenium-support-3.141.59.jar;C:\Users\durga\.m2\repository\net\bytebuddy\byte-buddy\1.8.15\byte-buddy-1.8.15.jar;C:\Users\durga\.m2\repository\org\apache\commons\commons-exec\1.3\commons-exec-1.3.jar;C:\Users\durga\.m2\repository\com\google\guava\guava\25.0-jre\guava-25.0-jre.jar;C:\Users\durga\.m2\repository\com\google\code\findbugs\jsr305\1.3.9\jsr305-1.3.9.jar;C:\Users\durga\.m2\repository\org\checkerframework\checker-compat-qual\2.0.0\checker-compat-qual-2.0.0.jar;C:\Users\durga\.m2\repository\com\google\errorprone\error_prone_annotations\2.1.3\error_prone_annotations-2.1.3.jar;C:\Users\durga\.m2\repository\com\google\j2objc\j2objc-annotations\1.1\j2objc-annotations-1.1.jar;C:\Users\durga\.m2\repository\org\code
Launcher Type: SUN_STANDARD

Environment Variables:
JAVA_HOME=C:\Program Files\Java\jdk1.8.0_202
PATH=C:/Program Files/Java/jre1.8.0_202/bin/server;C:/Program Files/Java/jre1.8.0_202/bin;C:/Program Files/Java/jre1.8.0_202/lib/amd64;C:\oraclexe\app\oracle\product\10.2.0\server\bin;C:\Program Files (x86)\Common Files\Oracle\Java\javapath;C:\WINDOWS\system32;C:\WINDOWS;C:\WINDOWS\System32\Wbem;C:\WINDOWS\System32\WindowsPowerShell\v1.0\;C:\WINDOWS\System32\OpenSSH\;C:\Program Files\dotnet\;C:\Program Files\Java\jdk1.8.0_202\bin;C:\Users\durga\Downloads\apache-maven-3.9.0-bin\apache-maven-3.9.0\bin;C:\Program Files (x86)\Git\cmd;C:\Users\durga\AppData\Local\Microsoft\WindowsApps;;C:\Users\durga\Downloads\eclipse-committers-oxygen-3a-win32-x86_64\eclipse;
USERNAME=Durga
OS=Windows_NT
PROCESSOR_IDENTIFIER=Intel64 Family 6 Model 126 Stepping 5, GenuineIntel



---------------  S Y S T E M  ---------------

OS: Windows 10.0 , 64 bit Build 22000 (10.0.22000.2003)

CPU:total 4 (initial active 4) (2 cores per cpu, 2 threads per core) family 6 model 126 stepping 5, cmov, cx8, fxsr, mmx, sse, sse2, sse3, ssse3, sse4.1, sse4.2, popcnt, avx, avx2, aes, clmul, erms, 3dnowpref, lzcnt, ht, tsc, tscinvbit, bmi1, bmi2, adx

Memory: 4k page, physical 3956052k(456928k free), swap 6053204k(2204k free)

vm_info: Java HotSpot(TM) 64-Bit Server VM (25.202-b08) for windows-amd64 JRE (1.8.0_202-b08), built on Dec 15 2018 19:54:30 by "java_re" with MS VC++ 10.0 (VS2010)

time: Tue Jul 25 12:46:03 2023
timezone: India Standard Time
elapsed time: 1 seconds (0d 0h 0m 1s)

