#
# There is insufficient memory for the Java Runtime Environment to continue.
# Native memory allocation (malloc) failed to allocate 132064 bytes for Chunk::new
# Possible reasons:
#   The system is out of physical RAM or swap space
#   The process is running with CompressedOops enabled, and the Java Heap may be blocking the growth of the native heap
# Possible solutions:
#   Reduce memory load on the system
#   Increase physical memory or swap space
#   Check if swap backing store is full
#   Decrease Java heap size (-Xmx/-Xms)
#   Decrease number of Java threads
#   Decrease Java thread stack sizes (-Xss)
#   Set larger code cache with -XX:ReservedCodeCacheSize=
#   JVM is running with Unscaled Compressed Oops mode in which the Java heap is
#     placed in the first 4GB address space. The Java Heap base address is the
#     maximum limit for the native heap growth. Please use -XX:HeapBaseMinAddress
#     to set the Java Heap base and to place the Java Heap above 4GB virtual address.
# This output file may be truncated or incomplete.
#
#  Out of Memory Error (allocation.cpp:389), pid=8432, tid=0x0000000000002544
#
# JRE version: Java(TM) SE Runtime Environment (8.0_202-b08) (build 1.8.0_202-b08)
# Java VM: Java HotSpot(TM) 64-Bit Server VM (25.202-b08 mixed mode windows-amd64 compressed oops)
# Failed to write core dump. Minidumps are not enabled by default on client versions of Windows
#

---------------  T H R E A D  ---------------

Current thread (0x0000000014872000):  JavaThread "C2 CompilerThread0" daemon [_thread_in_native, id=9540, stack(0x0000000015ef0000,0x0000000015ff0000)]

Stack: [0x0000000015ef0000,0x0000000015ff0000]
[error occurred during error reporting (printing stack bounds), id 0xc0000005]

Native frames: (J=compiled Java code, j=interpreted, Vv=VM code, C=native code)


Current CompileTask:
C2:   2046 1312   !   4       java.net.URL::<init> (543 bytes)


---------------  P R O C E S S  ---------------

Java Threads: ( => current thread )
  0x0000000017265000 JavaThread "Keep-Alive-Timer" daemon [_thread_blocked, id=4108, stack(0x0000000018e00000,0x0000000018f00000)]
  0x0000000016d76800 JavaThread "Exec Stream Pumper" daemon [_thread_in_native, id=8396, stack(0x0000000018c00000,0x0000000018d00000)]
  0x0000000016c70800 JavaThread "Exec Stream Pumper" daemon [_thread_in_native, id=10028, stack(0x0000000018b00000,0x0000000018c00000)]
  0x0000000016c70000 JavaThread "UrlChecker-2" daemon [_thread_blocked, id=1232, stack(0x0000000018a00000,0x0000000018b00000)]
  0x0000000016c74000 JavaThread "Exec Default Executor" daemon [_thread_in_native, id=2404, stack(0x0000000018900000,0x0000000018a00000)]
  0x0000000016885800 JavaThread "ReaderThread" [_thread_in_native, id=1304, stack(0x00000000170f0000,0x00000000171f0000)]
  0x0000000016124000 JavaThread "Service Thread" daemon [_thread_blocked, id=4640, stack(0x00000000165f0000,0x00000000166f0000)]
  0x00000000160f8800 JavaThread "C1 CompilerThread2" daemon [_thread_blocked, id=3240, stack(0x00000000164f0000,0x00000000165f0000)]
  0x00000000148c7800 JavaThread "C2 CompilerThread1" daemon [_thread_blocked, id=556, stack(0x0000000015ff0000,0x00000000160f0000)]
=>0x0000000014872000 JavaThread "C2 CompilerThread0" daemon [_thread_in_native, id=9540, stack(0x0000000015ef0000,0x0000000015ff0000)]
  0x0000000014870000 JavaThread "Attach Listener" daemon [_thread_blocked, id=11916, stack(0x0000000015df0000,0x0000000015ef0000)]
  0x000000001486f000 JavaThread "Signal Dispatcher" daemon [_thread_blocked, id=3440, stack(0x0000000015cf0000,0x0000000015df0000)]
  0x000000001485a800 JavaThread "Finalizer" daemon [_thread_blocked, id=2084, stack(0x0000000015af0000,0x0000000015bf0000)]
  0x0000000014839000 JavaThread "Reference Handler" daemon [_thread_blocked, id=9412, stack(0x00000000159f0000,0x0000000015af0000)]
  0x00000000022b3800 JavaThread "Forwarding newSession on session null to remote" [_thread_blocked, id=1760, stack(0x0000000002170000,0x0000000002270000)]

Other Threads:
  0x0000000014837800 VMThread [stack: 0x00000000158f0000,0x00000000159f0000] [id=1424]
  0x000000001612d800 WatcherThread [stack: 0x00000000166f0000,0x00000000167f0000] [id=11176]

VM state:at safepoint (normal execution)

VM Mutex/Monitor currently owned by a thread:  ([mutex/lock_event])
[0x00000000022b0ad0] Threads_lock - owner thread: 0x0000000014837800
[0x00000000022b0750] Heap_lock - owner thread: 0x00000000022b3800

heap address: 0x00000000c3a00000, size: 966 MB, Compressed Oops mode: 32-bit
Narrow klass base: 0x0000000000000000, Narrow klass shift: 3
Compressed class space size: 1073741824 Address: 0x0000000100000000

Heap:
 PSYoungGen      total 18432K, used 18400K [0x00000000ebe00000, 0x00000000ed280000, 0x0000000100000000)
  eden space 15872K, 100% used [0x00000000ebe00000,0x00000000ecd80000,0x00000000ecd80000)
  from space 2560K, 98% used [0x00000000ed000000,0x00000000ed278020,0x00000000ed280000)
  to   space 2560K, 98% used [0x00000000ecd80000,0x00000000ecff8010,0x00000000ed000000)
 ParOldGen       total 42496K, used 3873K [0x00000000c3a00000, 0x00000000c6380000, 0x00000000ebe00000)
  object space 42496K, 9% used [0x00000000c3a00000,0x00000000c3dca438,0x00000000c6380000)
 Metaspace       used 13642K, capacity 14270K, committed 14464K, reserved 1062912K
  class space    used 1737K, capacity 1915K, committed 1920K, reserved 1048576K

Card table byte_map: [0x0000000011770000,0x0000000011960000] byte_map_base: 0x0000000011153000

Marking Bits: (ParMarkBitMap*) 0x000000005bda5ce0
 Begin Bits: [0x0000000011eb0000, 0x0000000012dc8000)
 End Bits:   [0x0000000012dc8000, 0x0000000013ce0000)

Polling page: 0x0000000002130000

CodeCache: size=245760Kb used=4791Kb max_used=4791Kb free=240968Kb
 bounds [0x00000000023b0000, 0x0000000002870000, 0x00000000113b0000]
 total_blobs=1706 nmethods=1333 adapters=285
 compilation: enabled

Compilation events (10 events):
Event: 2.036 Thread 0x00000000160f8800 1314       3       java.lang.AbstractStringBuilder::append (40 bytes)
Event: 2.037 Thread 0x00000000160f8800 nmethod 1314 0x0000000002859990 code [0x0000000002859b40, 0x000000000285a188]
Event: 2.039 Thread 0x00000000160f8800 1331       3       java.lang.invoke.MethodHandleNatives::findMethodHandleType (7 bytes)
Event: 2.039 Thread 0x00000000160f8800 nmethod 1331 0x0000000002859610 code [0x0000000002859780, 0x00000000028598e8]
Event: 2.039 Thread 0x00000000160f8800 1332       3       java.lang.invoke.DirectMethodHandle::maybeCompile (18 bytes)
Event: 2.040 Thread 0x00000000160f8800 nmethod 1332 0x0000000002859110 code [0x0000000002859280, 0x0000000002859518]
Event: 2.040 Thread 0x00000000160f8800 1333       3       java.lang.invoke.DirectMethodHandle::<init> (132 bytes)
Event: 2.041 Thread 0x00000000160f8800 nmethod 1333 0x000000000285e310 code [0x000000000285e5c0, 0x000000000285fd98]
Event: 2.041 Thread 0x00000000160f8800 1334       3       java.lang.invoke.MethodHandles$Lookup::<init> (15 bytes)
Event: 2.041 Thread 0x00000000160f8800 nmethod 1334 0x0000000002860650 code [0x00000000028607a0, 0x0000000002860970]

GC Heap History (5 events):
Event: 0.674 GC heap before
{Heap before GC invocations=1 (full 0):
 PSYoungGen      total 18432K, used 15872K [0x00000000ebe00000, 0x00000000ed280000, 0x0000000100000000)
  eden space 15872K, 100% used [0x00000000ebe00000,0x00000000ecd80000,0x00000000ecd80000)
  from space 2560K, 0% used [0x00000000ed000000,0x00000000ed000000,0x00000000ed280000)
  to   space 2560K, 0% used [0x00000000ecd80000,0x00000000ecd80000,0x00000000ed000000)
 ParOldGen       total 42496K, used 0K [0x00000000c3a00000, 0x00000000c6380000, 0x00000000ebe00000)
  object space 42496K, 0% used [0x00000000c3a00000,0x00000000c3a00000,0x00000000c6380000)
 Metaspace       used 8395K, capacity 8588K, committed 8832K, reserved 1056768K
  class space    used 974K, capacity 1029K, committed 1152K, reserved 1048576K
Event: 0.681 GC heap after
Heap after GC invocations=1 (full 0):
 PSYoungGen      total 18432K, used 2531K [0x00000000ebe00000, 0x00000000ed280000, 0x0000000100000000)
  eden space 15872K, 0% used [0x00000000ebe00000,0x00000000ebe00000,0x00000000ecd80000)
  from space 2560K, 98% used [0x00000000ecd80000,0x00000000ecff8e40,0x00000000ed000000)
  to   space 2560K, 0% used [0x00000000ed000000,0x00000000ed000000,0x00000000ed280000)
 ParOldGen       total 42496K, used 817K [0x00000000c3a00000, 0x00000000c6380000, 0x00000000ebe00000)
  object space 42496K, 1% used [0x00000000c3a00000,0x00000000c3acc520,0x00000000c6380000)
 Metaspace       used 8395K, capacity 8588K, committed 8832K, reserved 1056768K
  class space    used 974K, capacity 1029K, committed 1152K, reserved 1048576K
}
Event: 1.243 GC heap before
{Heap before GC invocations=2 (full 0):
 PSYoungGen      total 18432K, used 18403K [0x00000000ebe00000, 0x00000000ed280000, 0x0000000100000000)
  eden space 15872K, 100% used [0x00000000ebe00000,0x00000000ecd80000,0x00000000ecd80000)
  from space 2560K, 98% used [0x00000000ecd80000,0x00000000ecff8e40,0x00000000ed000000)
  to   space 2560K, 0% used [0x00000000ed000000,0x00000000ed000000,0x00000000ed280000)
 ParOldGen       total 42496K, used 817K [0x00000000c3a00000, 0x00000000c6380000, 0x00000000ebe00000)
  object space 42496K, 1% used [0x00000000c3a00000,0x00000000c3acc520,0x00000000c6380000)
 Metaspace       used 10642K, capacity 10894K, committed 11136K, reserved 1058816K
  class space    used 1264K, capacity 1389K, committed 1408K, reserved 1048576K
Event: 1.251 GC heap after
Heap after GC invocations=2 (full 0):
 PSYoungGen      total 18432K, used 2528K [0x00000000ebe00000, 0x00000000ed280000, 0x0000000100000000)
  eden space 15872K, 0% used [0x00000000ebe00000,0x00000000ebe00000,0x00000000ecd80000)
  from space 2560K, 98% used [0x00000000ed000000,0x00000000ed278020,0x00000000ed280000)
  to   space 2560K, 0% used [0x00000000ecd80000,0x00000000ecd80000,0x00000000ed000000)
 ParOldGen       total 42496K, used 3292K [0x00000000c3a00000, 0x00000000c6380000, 0x00000000ebe00000)
  object space 42496K, 7% used [0x00000000c3a00000,0x00000000c3d373f8,0x00000000c6380000)
 Metaspace       used 10642K, capacity 10894K, committed 11136K, reserved 1058816K
  class space    used 1264K, capacity 1389K, committed 1408K, reserved 1048576K
}
Event: 2.042 GC heap before
{Heap before GC invocations=3 (full 0):
 PSYoungGen      total 18432K, used 18400K [0x00000000ebe00000, 0x00000000ed280000, 0x0000000100000000)
  eden space 15872K, 100% used [0x00000000ebe00000,0x00000000ecd80000,0x00000000ecd80000)
  from space 2560K, 98% used [0x00000000ed000000,0x00000000ed278020,0x00000000ed280000)
  to   space 2560K, 0% used [0x00000000ecd80000,0x00000000ecd80000,0x00000000ed000000)
 ParOldGen       total 42496K, used 3292K [0x00000000c3a00000, 0x00000000c6380000, 0x00000000ebe00000)
  object space 42496K, 7% used [0x00000000c3a00000,0x00000000c3d373f8,0x00000000c6380000)
 Metaspace       used 13642K, capacity 14270K, committed 14464K, reserved 1062912K
  class space    used 1737K, capacity 1915K, committed 1920K, reserved 1048576K

Deoptimization events (10 events):
Event: 0.515 Thread 0x00000000022b3800 Uncommon trap: reason=unstable_if action=reinterpret pc=0x000000000259bc60 method=java.util.zip.ZipCoder.encoder()Ljava/nio/charset/CharsetEncoder; @ 4
Event: 0.579 Thread 0x00000000022b3800 Uncommon trap: reason=unstable_if action=reinterpret pc=0x00000000025a8320 method=java.lang.String.indexOf([CII[CIII)I @ 3
Event: 0.710 Thread 0x00000000022b3800 Uncommon trap: reason=unstable_if action=reinterpret pc=0x000000000265eb50 method=java.io.ByteArrayInputStream.read()I @ 8
Event: 0.714 Thread 0x00000000022b3800 Uncommon trap: reason=class_check action=maybe_recompile pc=0x000000000269aee4 method=java.util.regex.Pattern$BmpCharProperty.match(Ljava/util/regex/Matcher;ILjava/lang/CharSequence;)Z @ 31
Event: 0.714 Thread 0x00000000022b3800 Uncommon trap: reason=unstable_if action=reinterpret pc=0x000000000269ae80 method=java.util.regex.Pattern$BmpCharProperty.match(Ljava/util/regex/Matcher;ILjava/lang/CharSequence;)Z @ 5
Event: 0.873 Thread 0x00000000022b3800 Uncommon trap: reason=unstable_if action=reinterpret pc=0x00000000026a6314 method=java.io.WinNTFileSystem.normalize(Ljava/lang/String;)Ljava/lang/String; @ 128
Event: 1.264 Thread 0x00000000022b3800 Uncommon trap: reason=unstable_if action=reinterpret pc=0x000000000268d25c method=java.lang.CharacterDataLatin1.digit(II)I @ 82
Event: 1.332 Thread 0x00000000022b3800 Uncommon trap: reason=unstable_if action=reinterpret pc=0x00000000026e0420 method=java.util.Arrays.equals([B[B)Z @ 2
Event: 1.382 Thread 0x00000000022b3800 Uncommon trap: reason=unstable_if action=reinterpret pc=0x0000000002534fe4 method=java.lang.String.replace(CC)Ljava/lang/String; @ 2
Event: 1.395 Thread 0x0000000016c70000 Uncommon trap: reason=unstable_if action=reinterpret pc=0x0000000002684294 method=java.lang.CharacterDataLatin1.digit(II)I @ 82

Classes redefined (0 events):
No events

Internal exceptions (10 events):
Event: 1.947 Thread 0x00000000022b3800 Exception <a 'java/lang/IncompatibleClassChangeError': Found class java.lang.Object, but interface was expected> (0x00000000ec824978) thrown at [C:\re\workspace\8-2-build-windows-amd64-cygwin\jdk8u202\12323\hotspot\src\share\vm\interpreter\linkResolver.cp
Event: 1.950 Thread 0x00000000022b3800 Exception <a 'java/lang/NoSuchMethodError': java.lang.Object.lambda$or$2(Ljava/util/function/Predicate;Ljava/lang/Object;)Z> (0x00000000ec832df0) thrown at [C:\re\workspace\8-2-build-windows-amd64-cygwin\jdk8u202\12323\hotspot\src\share\vm\interpreter\lin
Event: 1.971 Thread 0x00000000022b3800 Exception <a 'java/lang/ArrayIndexOutOfBoundsException'> (0x00000000ec95efb8) thrown at [C:\re\workspace\8-2-build-windows-amd64-cygwin\jdk8u202\12323\hotspot\src\share\vm\runtime\sharedRuntime.cpp, line 605]
Event: 1.972 Thread 0x00000000022b3800 Exception <a 'java/lang/ArrayIndexOutOfBoundsException'> (0x00000000ec960838) thrown at [C:\re\workspace\8-2-build-windows-amd64-cygwin\jdk8u202\12323\hotspot\src\share\vm\runtime\sharedRuntime.cpp, line 605]
Event: 1.972 Thread 0x00000000022b3800 Exception <a 'java/lang/ArrayIndexOutOfBoundsException'> (0x00000000ec961dd0) thrown at [C:\re\workspace\8-2-build-windows-amd64-cygwin\jdk8u202\12323\hotspot\src\share\vm\runtime\sharedRuntime.cpp, line 605]
Event: 1.972 Thread 0x00000000022b3800 Exception <a 'java/lang/ArrayIndexOutOfBoundsException'> (0x00000000ec963128) thrown at [C:\re\workspace\8-2-build-windows-amd64-cygwin\jdk8u202\12323\hotspot\src\share\vm\runtime\sharedRuntime.cpp, line 605]
Event: 1.972 Thread 0x00000000022b3800 Exception <a 'java/lang/ArrayIndexOutOfBoundsException'> (0x00000000ec9643a0) thrown at [C:\re\workspace\8-2-build-windows-amd64-cygwin\jdk8u202\12323\hotspot\src\share\vm\runtime\sharedRuntime.cpp, line 605]
Event: 1.973 Thread 0x00000000022b3800 Exception <a 'java/lang/ArrayIndexOutOfBoundsException'> (0x00000000ec96a0f0) thrown at [C:\re\workspace\8-2-build-windows-amd64-cygwin\jdk8u202\12323\hotspot\src\share\vm\runtime\sharedRuntime.cpp, line 605]
Event: 1.973 Thread 0x00000000022b3800 Exception <a 'java/lang/ArrayIndexOutOfBoundsException'> (0x00000000ec96f500) thrown at [C:\re\workspace\8-2-build-windows-amd64-cygwin\jdk8u202\12323\hotspot\src\share\vm\runtime\sharedRuntime.cpp, line 605]
Event: 2.009 Thread 0x00000000022b3800 Exception <a 'java/lang/NoSuchMethodError': java.lang.Object.lambda$chars$0()Ljava/util/Spliterator$OfInt;> (0x00000000ecb6a160) thrown at [C:\re\workspace\8-2-build-windows-amd64-cygwin\jdk8u202\12323\hotspot\src\share\vm\interpreter\linkResolver.cpp, li

Events (10 events):
Event: 2.042 loading class com/google/common/collect/NaturalOrdering done
Event: 2.042 loading class com/google/common/collect/ByFunctionOrdering
Event: 2.042 loading class com/google/common/collect/ByFunctionOrdering done
Event: 2.042 loading class com/google/common/collect/ExplicitOrdering
Event: 2.042 loading class com/google/common/collect/ExplicitOrdering done
Event: 2.042 loading class com/google/common/collect/AllEqualOrdering
Event: 2.042 loading class com/google/common/collect/AllEqualOrdering done
Event: 2.042 loading class com/google/common/collect/CompoundOrdering
Event: 2.042 loading class com/google/common/collect/CompoundOrdering done
Event: 2.042 Executing VM operation: ParallelGCFailedAllocation


Dynamic libraries:
0x00007ff602db0000 - 0x00007ff602de7000 	C:\Program Files\Java\jre1.8.0_202\bin\javaw.exe
0x00007ff931820000 - 0x00007ff931a29000 	C:\WINDOWS\SYSTEM32\ntdll.dll
0x00007ff930c50000 - 0x00007ff930d0e000 	C:\WINDOWS\System32\KERNEL32.DLL
0x00007ff92f090000 - 0x00007ff92f414000 	C:\WINDOWS\System32\KERNELBASE.dll
0x00007ff92fe70000 - 0x00007ff92ff1f000 	C:\WINDOWS\System32\ADVAPI32.dll
0x00007ff92f680000 - 0x00007ff92f723000 	C:\WINDOWS\System32\msvcrt.dll
0x00007ff92fc70000 - 0x00007ff92fd0e000 	C:\WINDOWS\System32\sechost.dll
0x00007ff930d10000 - 0x00007ff930e31000 	C:\WINDOWS\System32\RPCRT4.dll
0x00007ff92f8d0000 - 0x00007ff92fa7d000 	C:\WINDOWS\System32\USER32.dll
0x00007ff92eef0000 - 0x00007ff92ef16000 	C:\WINDOWS\System32\win32u.dll
0x00007ff930870000 - 0x00007ff93089a000 	C:\WINDOWS\System32\GDI32.dll
0x00007ff92f420000 - 0x00007ff92f53f000 	C:\WINDOWS\System32\gdi32full.dll
0x00007ff92ee50000 - 0x00007ff92eeed000 	C:\WINDOWS\System32\msvcp_win.dll
0x00007ff92ecc0000 - 0x00007ff92edd1000 	C:\WINDOWS\System32\ucrtbase.dll
0x00007ff9115b0000 - 0x00007ff911855000 	C:\WINDOWS\WinSxS\amd64_microsoft.windows.common-controls_6595b64144ccf1df_6.0.22000.120_none_9d947278b86cc467\COMCTL32.dll
0x00007ff930a60000 - 0x00007ff930a91000 	C:\WINDOWS\System32\IMM32.DLL
0x000000005b3c0000 - 0x000000005b492000 	C:\Program Files\Java\jre1.8.0_202\bin\msvcr100.dll
0x000000005b580000 - 0x000000005be25000 	C:\Program Files\Java\jre1.8.0_202\bin\server\jvm.dll
0x00007ff92fd80000 - 0x00007ff92fd88000 	C:\WINDOWS\System32\PSAPI.DLL
0x00007ff92b280000 - 0x00007ff92b289000 	C:\WINDOWS\SYSTEM32\WSOCK32.dll
0x00007ff930ac0000 - 0x00007ff930b2f000 	C:\WINDOWS\System32\WS2_32.dll
0x00007ff926a10000 - 0x00007ff926a43000 	C:\WINDOWS\SYSTEM32\WINMM.dll
0x00007ff920ac0000 - 0x00007ff920aca000 	C:\WINDOWS\SYSTEM32\VERSION.dll
0x00007ff92b270000 - 0x00007ff92b27f000 	C:\Program Files\Java\jre1.8.0_202\bin\verify.dll
0x00007ff929f10000 - 0x00007ff929f39000 	C:\Program Files\Java\jre1.8.0_202\bin\java.dll
0x00007ff92a970000 - 0x00007ff92a986000 	C:\Program Files\Java\jre1.8.0_202\bin\zip.dll
0x00007ff930e40000 - 0x00007ff931605000 	C:\WINDOWS\System32\SHELL32.dll
0x00007ff92cd90000 - 0x00007ff92d5f4000 	C:\WINDOWS\SYSTEM32\windows.storage.dll
0x00007ff9304f0000 - 0x00007ff930866000 	C:\WINDOWS\System32\combase.dll
0x00007ff92cc20000 - 0x00007ff92cd87000 	C:\WINDOWS\SYSTEM32\wintypes.dll
0x00007ff9316f0000 - 0x00007ff9317da000 	C:\WINDOWS\System32\SHCORE.dll
0x00007ff92fd90000 - 0x00007ff92fded000 	C:\WINDOWS\System32\shlwapi.dll
0x00007ff92ebf0000 - 0x00007ff92ec11000 	C:\WINDOWS\SYSTEM32\profapi.dll
0x00007ff929ef0000 - 0x00007ff929f0a000 	C:\Program Files\Java\jre1.8.0_202\bin\net.dll
0x00007ff926090000 - 0x00007ff92627f000 	C:\WINDOWS\SYSTEM32\urlmon.dll
0x00007ff925dd0000 - 0x00007ff926083000 	C:\WINDOWS\SYSTEM32\iertutil.dll
0x00007ff925da0000 - 0x00007ff925dc8000 	C:\WINDOWS\SYSTEM32\srvcli.dll
0x00007ff92d840000 - 0x00007ff92d84c000 	C:\WINDOWS\SYSTEM32\netutils.dll
0x00007ff92e1e0000 - 0x00007ff92e247000 	C:\WINDOWS\system32\mswsock.dll
0x00007ff927c30000 - 0x00007ff927c54000 	C:\Program Files\Java\jre1.8.0_202\bin\sunec.dll
0x00007ff92d850000 - 0x00007ff92d87d000 	C:\WINDOWS\SYSTEM32\IPHLPAPI.DLL
0x00007ff930390000 - 0x00007ff930399000 	C:\WINDOWS\System32\NSI.dll
0x00007ff9265f0000 - 0x00007ff926609000 	C:\WINDOWS\SYSTEM32\dhcpcsvc6.DLL
0x00007ff9269f0000 - 0x00007ff926a0e000 	C:\WINDOWS\SYSTEM32\dhcpcsvc.DLL
0x00007ff92d880000 - 0x00007ff92d967000 	C:\WINDOWS\SYSTEM32\DNSAPI.dll
0x00007ff929ed0000 - 0x00007ff929ee2000 	C:\Program Files\Java\jre1.8.0_202\bin\nio.dll
0x00007ff92e430000 - 0x00007ff92e448000 	C:\WINDOWS\SYSTEM32\CRYPTSP.dll
0x00007ff92dc90000 - 0x00007ff92dcc5000 	C:\WINDOWS\system32\rsaenh.dll
0x00007ff92e2e0000 - 0x00007ff92e309000 	C:\WINDOWS\SYSTEM32\USERENV.dll
0x00007ff92e5b0000 - 0x00007ff92e5d7000 	C:\WINDOWS\SYSTEM32\bcrypt.dll
0x00007ff92f540000 - 0x00007ff92f5bf000 	C:\WINDOWS\System32\bcryptprimitives.dll
0x00007ff92e450000 - 0x00007ff92e45c000 	C:\WINDOWS\SYSTEM32\CRYPTBASE.dll
0x00007ff91f650000 - 0x00007ff91f65a000 	C:\Windows\System32\rasadhlp.dll
0x00007ff920e80000 - 0x00007ff920f02000 	C:\WINDOWS\System32\fwpuclnt.dll
0x00007ff92b260000 - 0x00007ff92b26b000 	C:\Program Files\Java\jre1.8.0_202\bin\sunmscapi.dll
0x00007ff92ef20000 - 0x00007ff92f08a000 	C:\WINDOWS\System32\CRYPT32.dll

VM Arguments:
jvm_args: -ea -Dfile.encoding=Cp1252 
java_command: org.eclipse.jdt.internal.junit.runner.RemoteTestRunner -version 3 -port 50612 -testLoaderClass org.eclipse.jdt.internal.junit4.runner.JUnit4TestLoader -loaderpluginname org.eclipse.jdt.junit4.runtime -classNames org.log.in.runner.my
java_class_path (initial): C:\Users\durga\eclipse-workspace\Project\target\test-classes;C:\Users\durga\eclipse-workspace\Project\target\classes;C:\Users\durga\.m2\repository\org\seleniumhq\selenium\selenium-server\3.141.59\selenium-server-3.141.59.jar;C:\Users\durga\.m2\repository\org\seleniumhq\selenium\selenium-java\3.141.59\selenium-java-3.141.59.jar;C:\Users\durga\.m2\repository\org\seleniumhq\selenium\selenium-api\3.141.59\selenium-api-3.141.59.jar;C:\Users\durga\.m2\repository\org\seleniumhq\selenium\selenium-chrome-driver\3.141.59\selenium-chrome-driver-3.141.59.jar;C:\Users\durga\.m2\repository\org\seleniumhq\selenium\selenium-edge-driver\3.141.59\selenium-edge-driver-3.141.59.jar;C:\Users\durga\.m2\repository\org\seleniumhq\selenium\selenium-firefox-driver\3.141.59\selenium-firefox-driver-3.141.59.jar;C:\Users\durga\.m2\repository\org\seleniumhq\selenium\selenium-ie-driver\3.141.59\selenium-ie-driver-3.141.59.jar;C:\Users\durga\.m2\repository\org\seleniumhq\selenium\selenium-opera-driver\3.141.59\selenium-opera-driver-3.141.59.jar;C:\Users\durga\.m2\repository\org\seleniumhq\selenium\selenium-remote-driver\3.141.59\selenium-remote-driver-3.141.59.jar;C:\Users\durga\.m2\repository\org\seleniumhq\selenium\selenium-safari-driver\3.141.59\selenium-safari-driver-3.141.59.jar;C:\Users\durga\.m2\repository\org\seleniumhq\selenium\selenium-support\3.141.59\selenium-support-3.141.59.jar;C:\Users\durga\.m2\repository\net\bytebuddy\byte-buddy\1.8.15\byte-buddy-1.8.15.jar;C:\Users\durga\.m2\repository\org\apache\commons\commons-exec\1.3\commons-exec-1.3.jar;C:\Users\durga\.m2\repository\com\google\guava\guava\25.0-jre\guava-25.0-jre.jar;C:\Users\durga\.m2\repository\com\google\code\findbugs\jsr305\1.3.9\jsr305-1.3.9.jar;C:\Users\durga\.m2\repository\org\checkerframework\checker-compat-qual\2.0.0\checker-compat-qual-2.0.0.jar;C:\Users\durga\.m2\repository\com\google\errorprone\error_prone_annotations\2.1.3\error_prone_annotations-2.1.3.jar;C:\Users\durga\.m2\repositor
Launcher Type: SUN_STANDARD

Environment Variables:
JAVA_HOME=C:\Program Files\Java\jdk1.8.0_202
PATH=C:/Program Files/Java/jre1.8.0_202/bin/server;C:/Program Files/Java/jre1.8.0_202/bin;C:/Program Files/Java/jre1.8.0_202/lib/amd64;C:\oraclexe\app\oracle\product\10.2.0\server\bin;C:\Program Files (x86)\Common Files\Oracle\Java\javapath;C:\WINDOWS\system32;C:\WINDOWS;C:\WINDOWS\System32\Wbem;C:\WINDOWS\System32\WindowsPowerShell\v1.0\;C:\WINDOWS\System32\OpenSSH\;C:\Program Files\dotnet\;C:\Program Files\Java\jdk1.8.0_202\bin;C:\Users\durga\Downloads\apache-maven-3.9.0-bin\apache-maven-3.9.0\bin;C:\Program Files (x86)\Git\cmd;C:\Users\durga\AppData\Local\Microsoft\WindowsApps;;C:\Users\durga\Downloads\eclipse-committers-oxygen-3a-win32-x86_64\eclipse;
USERNAME=Durga
OS=Windows_NT
PROCESSOR_IDENTIFIER=Intel64 Family 6 Model 126 Stepping 5, GenuineIntel



---------------  S Y S T E M  ---------------

OS: Windows 10.0 , 64 bit Build 22000 (10.0.22000.2003)

CPU:total 4 (initial active 4) (2 cores per cpu, 2 threads per core) family 6 model 126 stepping 5, cmov, cx8, fxsr, mmx, sse, sse2, sse3, ssse3, sse4.1, sse4.2, popcnt, avx, avx2, aes, clmul, erms, 3dnowpref, lzcnt, ht, tsc, tscinvbit, bmi1, bmi2, adx

Memory: 4k page, physical 3956048k(551660k free), swap 6053200k(4240k free)

vm_info: Java HotSpot(TM) 64-Bit Server VM (25.202-b08) for windows-amd64 JRE (1.8.0_202-b08), built on Dec 15 2018 19:54:30 by "java_re" with MS VC++ 10.0 (VS2010)

time: Fri Aug 11 20:25:28 2023
timezone: India Standard Time
elapsed time: 2 seconds (0d 0h 0m 2s)

