#
# There is insufficient memory for the Java Runtime Environment to continue.
# Native memory allocation (malloc) failed to allocate 251696 bytes for Chunk::new
# Possible reasons:
#   The system is out of physical RAM or swap space
#   The process is running with CompressedOops enabled, and the Java Heap may be blocking the growth of the native heap
# Possible solutions:
#   Reduce memory load on the system
#   Increase physical memory or swap space
#   Check if swap backing store is full
#   Decrease Java heap size (-Xmx/-Xms)
#   Decrease number of Java threads
#   Decrease Java thread stack sizes (-Xss)
#   Set larger code cache with -XX:ReservedCodeCacheSize=
#   JVM is running with Unscaled Compressed Oops mode in which the Java heap is
#     placed in the first 4GB address space. The Java Heap base address is the
#     maximum limit for the native heap growth. Please use -XX:HeapBaseMinAddress
#     to set the Java Heap base and to place the Java Heap above 4GB virtual address.
# This output file may be truncated or incomplete.
#
#  Out of Memory Error (allocation.cpp:389), pid=1316, tid=0x000000000000124c
#
# JRE version: Java(TM) SE Runtime Environment (8.0_202-b08) (build 1.8.0_202-b08)
# Java VM: Java HotSpot(TM) 64-Bit Server VM (25.202-b08 mixed mode windows-amd64 compressed oops)
# Failed to write core dump. Minidumps are not enabled by default on client versions of Windows
#

---------------  T H R E A D  ---------------

Current thread (0x0000000014c50000):  JavaThread "C2 CompilerThread0" daemon [_thread_in_native, id=4684, stack(0x00000000162b0000,0x00000000163b0000)]

Stack: [0x00000000162b0000,0x00000000163b0000]
[error occurred during error reporting (printing stack bounds), id 0xc0000005]

Native frames: (J=compiled Java code, j=interpreted, Vv=VM code, C=native code)


Current CompileTask:
C2:   1707 1112       4       sun.misc.URLClassPath::getResource (83 bytes)


---------------  P R O C E S S  ---------------

Java Threads: ( => current thread )
  0x0000000016968800 JavaThread "ReaderThread" [_thread_in_native, id=9640, stack(0x00000000174b0000,0x00000000175b0000)]
  0x00000000165dc000 JavaThread "Service Thread" daemon [_thread_blocked, id=8684, stack(0x00000000169b0000,0x0000000016ab0000)]
  0x0000000014c66800 JavaThread "C1 CompilerThread2" daemon [_thread_blocked, id=5244, stack(0x00000000164b0000,0x00000000165b0000)]
  0x0000000014c53800 JavaThread "C2 CompilerThread1" daemon [_thread_blocked, id=3432, stack(0x00000000163b0000,0x00000000164b0000)]
=>0x0000000014c50000 JavaThread "C2 CompilerThread0" daemon [_thread_in_native, id=4684, stack(0x00000000162b0000,0x00000000163b0000)]
  0x0000000014c4e800 JavaThread "Attach Listener" daemon [_thread_blocked, id=9376, stack(0x00000000161b0000,0x00000000162b0000)]
  0x0000000014c58000 JavaThread "Signal Dispatcher" daemon [_thread_blocked, id=10856, stack(0x00000000160b0000,0x00000000161b0000)]
  0x000000000278e000 JavaThread "Finalizer" daemon [_thread_blocked, id=11260, stack(0x0000000015eb0000,0x0000000015fb0000)]
  0x0000000002783000 JavaThread "Reference Handler" daemon [_thread_blocked, id=7608, stack(0x0000000015db0000,0x0000000015eb0000)]
  0x0000000002693800 JavaThread "main" [_thread_in_vm, id=3216, stack(0x00000000024e0000,0x00000000025e0000)]

Other Threads:
  0x0000000014c18000 VMThread [stack: 0x0000000015cb0000,0x0000000015db0000] [id=1816]
  0x00000000165fe800 WatcherThread [stack: 0x0000000016ab0000,0x0000000016bb0000] [id=11168]

VM state:not at safepoint (normal execution)

VM Mutex/Monitor currently owned by a thread: None

heap address: 0x00000000c3a00000, size: 966 MB, Compressed Oops mode: 32-bit
Narrow klass base: 0x0000000000000000, Narrow klass shift: 3
Compressed class space size: 1073741824 Address: 0x0000000100000000

Heap:
 PSYoungGen      total 18432K, used 7296K [0x00000000ebe00000, 0x00000000ed280000, 0x0000000100000000)
  eden space 15872K, 30% used [0x00000000ebe00000,0x00000000ec2a8150,0x00000000ecd80000)
  from space 2560K, 98% used [0x00000000ed000000,0x00000000ed278010,0x00000000ed280000)
  to   space 2560K, 0% used [0x00000000ecd80000,0x00000000ecd80000,0x00000000ed000000)
 ParOldGen       total 30208K, used 2910K [0x00000000c3a00000, 0x00000000c5780000, 0x00000000ebe00000)
  object space 30208K, 9% used [0x00000000c3a00000,0x00000000c3cd7a00,0x00000000c5780000)
 Metaspace       used 10633K, capacity 10876K, committed 11136K, reserved 1062912K
  class space    used 1249K, capacity 1362K, committed 1408K, reserved 1048576K

Card table byte_map: [0x0000000011b50000,0x0000000011d40000] byte_map_base: 0x0000000011533000

Marking Bits: (ParMarkBitMap*) 0x0000000074aa5ce0
 Begin Bits: [0x0000000012290000, 0x00000000131a8000)
 End Bits:   [0x00000000131a8000, 0x00000000140c0000)

Polling page: 0x0000000002400000

CodeCache: size=245760Kb used=4110Kb max_used=4112Kb free=241649Kb
 bounds [0x0000000002790000, 0x0000000002ba0000, 0x0000000011790000]
 total_blobs=1461 nmethods=1111 adapters=263
 compilation: enabled

Compilation events (10 events):
Event: 1.668 Thread 0x0000000014c50000 nmethod 1103 0x0000000002b95fd0 code [0x0000000002b96120, 0x0000000002b96358]
Event: 1.675 Thread 0x0000000014c53800 1108       4       java.lang.String::indexOf (70 bytes)
Event: 1.677 Thread 0x0000000014c53800 nmethod 1108 0x0000000002b964d0 code [0x0000000002b96600, 0x0000000002b96798]
Event: 1.682 Thread 0x0000000014c66800 1109       3       java.security.CodeSource::<init> (40 bytes)
Event: 1.682 Thread 0x0000000014c66800 nmethod 1109 0x0000000002b95950 code [0x0000000002b95ac0, 0x0000000002b95ec8]
Event: 1.682 Thread 0x0000000014c66800 1110   !   3       java.security.SecureClassLoader::getProtectionDomain (114 bytes)
Event: 1.683 Thread 0x0000000014c66800 nmethod 1110 0x0000000002b94cd0 code [0x0000000002b94e80, 0x0000000002b95618]
Event: 1.683 Thread 0x0000000014c66800 1111       3       java.lang.ClassLoader::defineClass (43 bytes)
Event: 1.683 Thread 0x0000000014c66800 nmethod 1111 0x0000000002b93a10 code [0x0000000002b93c00, 0x0000000002b947c8]
Event: 1.697 Thread 0x0000000014c50000 1112       4       sun.misc.URLClassPath::getResource (83 bytes)

GC Heap History (6 events):
Event: 0.844 GC heap before
{Heap before GC invocations=1 (full 0):
 PSYoungGen      total 18432K, used 12183K [0x00000000ebe00000, 0x00000000ed280000, 0x0000000100000000)
  eden space 15872K, 76% used [0x00000000ebe00000,0x00000000ec9e5c30,0x00000000ecd80000)
  from space 2560K, 0% used [0x00000000ed000000,0x00000000ed000000,0x00000000ed280000)
  to   space 2560K, 0% used [0x00000000ecd80000,0x00000000ecd80000,0x00000000ed000000)
 ParOldGen       total 42496K, used 0K [0x00000000c3a00000, 0x00000000c6380000, 0x00000000ebe00000)
  object space 42496K, 0% used [0x00000000c3a00000,0x00000000c3a00000,0x00000000c6380000)
 Metaspace       used 7687K, capacity 7836K, committed 7936K, reserved 1064960K
  class space    used 892K, capacity 954K, committed 1024K, reserved 1048576K
Event: 0.849 GC heap after
Heap after GC invocations=1 (full 0):
 PSYoungGen      total 18432K, used 2528K [0x00000000ebe00000, 0x00000000ed280000, 0x0000000100000000)
  eden space 15872K, 0% used [0x00000000ebe00000,0x00000000ebe00000,0x00000000ecd80000)
  from space 2560K, 98% used [0x00000000ecd80000,0x00000000ecff8138,0x00000000ed000000)
  to   space 2560K, 0% used [0x00000000ed000000,0x00000000ed000000,0x00000000ed280000)
 ParOldGen       total 42496K, used 8K [0x00000000c3a00000, 0x00000000c6380000, 0x00000000ebe00000)
  object space 42496K, 0% used [0x00000000c3a00000,0x00000000c3a02000,0x00000000c6380000)
 Metaspace       used 7687K, capacity 7836K, committed 7936K, reserved 1064960K
  class space    used 892K, capacity 954K, committed 1024K, reserved 1048576K
}
Event: 0.849 GC heap before
{Heap before GC invocations=2 (full 1):
 PSYoungGen      total 18432K, used 2528K [0x00000000ebe00000, 0x00000000ed280000, 0x0000000100000000)
  eden space 15872K, 0% used [0x00000000ebe00000,0x00000000ebe00000,0x00000000ecd80000)
  from space 2560K, 98% used [0x00000000ecd80000,0x00000000ecff8138,0x00000000ed000000)
  to   space 2560K, 0% used [0x00000000ed000000,0x00000000ed000000,0x00000000ed280000)
 ParOldGen       total 42496K, used 8K [0x00000000c3a00000, 0x00000000c6380000, 0x00000000ebe00000)
  object space 42496K, 0% used [0x00000000c3a00000,0x00000000c3a02000,0x00000000c6380000)
 Metaspace       used 7687K, capacity 7836K, committed 7936K, reserved 1064960K
  class space    used 892K, capacity 954K, committed 1024K, reserved 1048576K
Event: 0.862 GC heap after
Heap after GC invocations=2 (full 1):
 PSYoungGen      total 18432K, used 0K [0x00000000ebe00000, 0x00000000ed280000, 0x0000000100000000)
  eden space 15872K, 0% used [0x00000000ebe00000,0x00000000ebe00000,0x00000000ecd80000)
  from space 2560K, 0% used [0x00000000ecd80000,0x00000000ecd80000,0x00000000ed000000)
  to   space 2560K, 0% used [0x00000000ed000000,0x00000000ed000000,0x00000000ed280000)
 ParOldGen       total 30208K, used 2374K [0x00000000c3a00000, 0x00000000c5780000, 0x00000000ebe00000)
  object space 30208K, 7% used [0x00000000c3a00000,0x00000000c3c51980,0x00000000c5780000)
 Metaspace       used 7687K, capacity 7836K, committed 7936K, reserved 1060864K
  class space    used 892K, capacity 954K, committed 1024K, reserved 1048576K
}
Event: 1.560 GC heap before
{Heap before GC invocations=3 (full 1):
 PSYoungGen      total 18432K, used 15872K [0x00000000ebe00000, 0x00000000ed280000, 0x0000000100000000)
  eden space 15872K, 100% used [0x00000000ebe00000,0x00000000ecd80000,0x00000000ecd80000)
  from space 2560K, 0% used [0x00000000ecd80000,0x00000000ecd80000,0x00000000ed000000)
  to   space 2560K, 0% used [0x00000000ed000000,0x00000000ed000000,0x00000000ed280000)
 ParOldGen       total 30208K, used 2374K [0x00000000c3a00000, 0x00000000c5780000, 0x00000000ebe00000)
  object space 30208K, 7% used [0x00000000c3a00000,0x00000000c3c51980,0x00000000c5780000)
 Metaspace       used 9962K, capacity 10134K, committed 10240K, reserved 1060864K
  class space    used 1170K, capacity 1263K, committed 1280K, reserved 1048576K
Event: 1.564 GC heap after
Heap after GC invocations=3 (full 1):
 PSYoungGen      total 18432K, used 2528K [0x00000000ebe00000, 0x00000000ed280000, 0x0000000100000000)
  eden space 15872K, 0% used [0x00000000ebe00000,0x00000000ebe00000,0x00000000ecd80000)
  from space 2560K, 98% used [0x00000000ed000000,0x00000000ed278010,0x00000000ed280000)
  to   space 2560K, 0% used [0x00000000ecd80000,0x00000000ecd80000,0x00000000ed000000)
 ParOldGen       total 30208K, used 2910K [0x00000000c3a00000, 0x00000000c5780000, 0x00000000ebe00000)
  object space 30208K, 9% used [0x00000000c3a00000,0x00000000c3cd7a00,0x00000000c5780000)
 Metaspace       used 9962K, capacity 10134K, committed 10240K, reserved 1060864K
  class space    used 1170K, capacity 1263K, committed 1280K, reserved 1048576K
}

Deoptimization events (10 events):
Event: 0.818 Thread 0x0000000002693800 Uncommon trap: reason=unstable_if action=reinterpret pc=0x00000000028fa9bc method=java.lang.String.indexOf([CII[CIII)I @ 123
Event: 0.955 Thread 0x0000000002693800 Uncommon trap: reason=unstable_if action=reinterpret pc=0x0000000002a88430 method=java.io.ByteArrayInputStream.read([BII)I @ 63
Event: 0.959 Thread 0x0000000002693800 Uncommon trap: reason=unstable_if action=reinterpret pc=0x0000000002a48690 method=java.io.ByteArrayInputStream.read()I @ 8
Event: 1.148 Thread 0x0000000002693800 Uncommon trap: reason=unstable_if action=reinterpret pc=0x0000000002a13a48 method=java.io.WinNTFileSystem.normalize(Ljava/lang/String;)Ljava/lang/String; @ 128
Event: 1.155 Thread 0x0000000002693800 Uncommon trap: reason=class_check action=maybe_recompile pc=0x0000000002aa4da4 method=java.util.regex.Pattern$BmpCharProperty.match(Ljava/util/regex/Matcher;ILjava/lang/CharSequence;)Z @ 31
Event: 1.155 Thread 0x0000000002693800 Uncommon trap: reason=unstable_if action=reinterpret pc=0x0000000002aa4d40 method=java.util.regex.Pattern$BmpCharProperty.match(Ljava/util/regex/Matcher;ILjava/lang/CharSequence;)Z @ 5
Event: 1.571 Thread 0x0000000002693800 Uncommon trap: reason=unstable_if action=reinterpret pc=0x0000000002acc820 method=java.util.Arrays.equals([B[B)Z @ 2
Event: 1.572 Thread 0x0000000002693800 Uncommon trap: reason=unstable_if action=reinterpret pc=0x0000000002a1c374 method=java.lang.CharacterDataLatin1.digit(II)I @ 60
Event: 1.572 Thread 0x0000000002693800 Uncommon trap: reason=unstable_if action=reinterpret pc=0x0000000002a185b0 method=java.lang.CharacterDataLatin1.digit(II)I @ 60
Event: 1.655 Thread 0x0000000002693800 Uncommon trap: reason=unstable_if action=reinterpret pc=0x00000000028de9c0 method=java.lang.String.indexOf(II)I @ 7

Classes redefined (0 events):
No events

Internal exceptions (10 events):
Event: 0.628 Thread 0x0000000002693800 Exception <a 'java/security/PrivilegedActionException'> (0x00000000ec454980) thrown at [C:\re\workspace\8-2-build-windows-amd64-cygwin\jdk8u202\12323\hotspot\src\share\vm\prims\jvm.cpp, line 1502]
Event: 0.628 Thread 0x0000000002693800 Exception <a 'java/security/PrivilegedActionException'> (0x00000000ec454d78) thrown at [C:\re\workspace\8-2-build-windows-amd64-cygwin\jdk8u202\12323\hotspot\src\share\vm\prims\jvm.cpp, line 1502]
Event: 0.629 Thread 0x0000000002693800 Exception <a 'java/security/PrivilegedActionException'> (0x00000000ec458db8) thrown at [C:\re\workspace\8-2-build-windows-amd64-cygwin\jdk8u202\12323\hotspot\src\share\vm\prims\jvm.cpp, line 1502]
Event: 0.629 Thread 0x0000000002693800 Exception <a 'java/security/PrivilegedActionException'> (0x00000000ec4591b0) thrown at [C:\re\workspace\8-2-build-windows-amd64-cygwin\jdk8u202\12323\hotspot\src\share\vm\prims\jvm.cpp, line 1502]
Event: 0.705 Thread 0x0000000002693800 Exception <a 'java/lang/NoClassDefFoundError': org/slf4j/impl/StaticLoggerBinder> (0x00000000ec5b9218) thrown at [C:\re\workspace\8-2-build-windows-amd64-cygwin\jdk8u202\12323\hotspot\src\share\vm\classfile\systemDictionary.cpp, line 199]
Event: 0.740 Thread 0x0000000002693800 Implicit null exception at 0x000000000297cda5 to 0x000000000297d581
Event: 0.788 Thread 0x0000000002693800 Exception <a 'java/lang/NoSuchFieldError': method resolution failed> (0x00000000ec8907a8) thrown at [C:\re\workspace\8-2-build-windows-amd64-cygwin\jdk8u202\12323\hotspot\src\share\vm\prims\methodHandles.cpp, line 1167]
Event: 0.790 Thread 0x0000000002693800 Exception <a 'java/lang/NoSuchFieldError': method resolution failed> (0x00000000ec89de98) thrown at [C:\re\workspace\8-2-build-windows-amd64-cygwin\jdk8u202\12323\hotspot\src\share\vm\prims\methodHandles.cpp, line 1167]
Event: 1.584 Thread 0x0000000002693800 Exception <a 'java/io/IOException': CreateProcess error=1455, The paging file is too small for this operation to complete> (0x00000000ebf14208) thrown at [C:\re\workspace\8-2-build-windows-amd64-cygwin\jdk8u202\12323\hotspot\src\share\vm\prims\jni.cpp, li
Event: 1.655 Thread 0x0000000002693800 Exception <a 'java/io/IOException': CreateProcess error=1455, The paging file is too small for this operation to complete> (0x00000000ebf5c2c0) thrown at [C:\re\workspace\8-2-build-windows-amd64-cygwin\jdk8u202\12323\hotspot\src\share\vm\prims\jni.cpp, li

Events (10 events):
Event: 1.700 loading class org/apache/hc/core5/http/impl/io/SessionInputBufferImpl
Event: 1.700 loading class org/apache/hc/core5/http/impl/io/SessionInputBufferImpl done
Event: 1.702 loading class org/apache/hc/core5/http/MessageConstraintException
Event: 1.702 loading class org/apache/hc/core5/http/MessageConstraintException done
Event: 1.702 loading class org/apache/hc/core5/util/ByteArrayBuffer
Event: 1.702 loading class org/apache/hc/core5/util/ByteArrayBuffer done
Event: 1.703 loading class org/apache/hc/core5/http/impl/io/SessionOutputBufferImpl
Event: 1.703 loading class org/apache/hc/core5/http/impl/io/SessionOutputBufferImpl done
Event: 1.705 loading class org/apache/hc/core5/http/impl/BasicHttpConnectionMetrics
Event: 1.705 loading class org/apache/hc/core5/http/impl/BasicHttpConnectionMetrics done


Dynamic libraries:
0x00007ff7bffe0000 - 0x00007ff7c0017000 	C:\Program Files\Java\jre1.8.0_202\bin\javaw.exe
0x00007ffc4a920000 - 0x00007ffc4ab29000 	C:\WINDOWS\SYSTEM32\ntdll.dll
0x00007ffc48c20000 - 0x00007ffc48cde000 	C:\WINDOWS\System32\KERNEL32.DLL
0x00007ffc481e0000 - 0x00007ffc48564000 	C:\WINDOWS\System32\KERNELBASE.dll
0x00007ffc4a510000 - 0x00007ffc4a5bf000 	C:\WINDOWS\System32\ADVAPI32.dll
0x00007ffc48ce0000 - 0x00007ffc48d83000 	C:\WINDOWS\System32\msvcrt.dll
0x00007ffc48780000 - 0x00007ffc4881e000 	C:\WINDOWS\System32\sechost.dll
0x00007ffc49770000 - 0x00007ffc49891000 	C:\WINDOWS\System32\RPCRT4.dll
0x00007ffc4a730000 - 0x00007ffc4a8dd000 	C:\WINDOWS\System32\USER32.dll
0x00007ffc480f0000 - 0x00007ffc48116000 	C:\WINDOWS\System32\win32u.dll
0x00007ffc488c0000 - 0x00007ffc488ea000 	C:\WINDOWS\System32\GDI32.dll
0x00007ffc47dc0000 - 0x00007ffc47edf000 	C:\WINDOWS\System32\gdi32full.dll
0x00007ffc486e0000 - 0x00007ffc4877d000 	C:\WINDOWS\System32\msvcp_win.dll
0x00007ffc47ee0000 - 0x00007ffc47ff1000 	C:\WINDOWS\System32\ucrtbase.dll
0x00007ffc2c9b0000 - 0x00007ffc2cc55000 	C:\WINDOWS\WinSxS\amd64_microsoft.windows.common-controls_6595b64144ccf1df_6.0.22000.120_none_9d947278b86cc467\COMCTL32.dll
0x00007ffc498a0000 - 0x00007ffc498d1000 	C:\WINDOWS\System32\IMM32.DLL
0x00000000740c0000 - 0x0000000074192000 	C:\Program Files\Java\jre1.8.0_202\bin\msvcr100.dll
0x0000000074280000 - 0x0000000074b25000 	C:\Program Files\Java\jre1.8.0_202\bin\server\jvm.dll
0x00007ffc4a500000 - 0x00007ffc4a508000 	C:\WINDOWS\System32\PSAPI.DLL
0x00007ffc438e0000 - 0x00007ffc438e9000 	C:\WINDOWS\SYSTEM32\WSOCK32.dll
0x00007ffc4a290000 - 0x00007ffc4a2ff000 	C:\WINDOWS\System32\WS2_32.dll
0x00007ffc40c70000 - 0x00007ffc40ca3000 	C:\WINDOWS\SYSTEM32\WINMM.dll
0x00007ffc39c40000 - 0x00007ffc39c4a000 	C:\WINDOWS\SYSTEM32\VERSION.dll
0x00007ffc41190000 - 0x00007ffc4119f000 	C:\Program Files\Java\jre1.8.0_202\bin\verify.dll
0x00007ffc38770000 - 0x00007ffc38799000 	C:\Program Files\Java\jre1.8.0_202\bin\java.dll
0x00007ffc409a0000 - 0x00007ffc409b6000 	C:\Program Files\Java\jre1.8.0_202\bin\zip.dll
0x00007ffc49a60000 - 0x00007ffc4a225000 	C:\WINDOWS\System32\SHELL32.dll
0x00007ffc45e90000 - 0x00007ffc466f4000 	C:\WINDOWS\SYSTEM32\windows.storage.dll
0x00007ffc49200000 - 0x00007ffc49576000 	C:\WINDOWS\System32\combase.dll
0x00007ffc45d20000 - 0x00007ffc45e87000 	C:\WINDOWS\SYSTEM32\wintypes.dll
0x00007ffc49950000 - 0x00007ffc49a3a000 	C:\WINDOWS\System32\SHCORE.dll
0x00007ffc4a230000 - 0x00007ffc4a28d000 	C:\WINDOWS\System32\shlwapi.dll
0x00007ffc47cf0000 - 0x00007ffc47d11000 	C:\WINDOWS\SYSTEM32\profapi.dll
0x00007ffc38110000 - 0x00007ffc3812a000 	C:\Program Files\Java\jre1.8.0_202\bin\net.dll
0x00007ffc3f230000 - 0x00007ffc3f41f000 	C:\WINDOWS\SYSTEM32\urlmon.dll
0x00007ffc3ef40000 - 0x00007ffc3f1f3000 	C:\WINDOWS\SYSTEM32\iertutil.dll
0x00007ffc3f200000 - 0x00007ffc3f228000 	C:\WINDOWS\SYSTEM32\srvcli.dll
0x00007ffc46940000 - 0x00007ffc4694c000 	C:\WINDOWS\SYSTEM32\netutils.dll
0x00007ffc472e0000 - 0x00007ffc47347000 	C:\WINDOWS\system32\mswsock.dll
0x00007ffc39040000 - 0x00007ffc39064000 	C:\Program Files\Java\jre1.8.0_202\bin\sunec.dll
0x00007ffc46950000 - 0x00007ffc4697d000 	C:\WINDOWS\SYSTEM32\IPHLPAPI.DLL
0x00007ffc49a50000 - 0x00007ffc49a59000 	C:\WINDOWS\System32\NSI.dll
0x00007ffc3f870000 - 0x00007ffc3f889000 	C:\WINDOWS\SYSTEM32\dhcpcsvc6.DLL
0x00007ffc402d0000 - 0x00007ffc402ee000 	C:\WINDOWS\SYSTEM32\dhcpcsvc.DLL
0x00007ffc469c0000 - 0x00007ffc46aa7000 	C:\WINDOWS\SYSTEM32\DNSAPI.dll
0x00007ffc380e0000 - 0x00007ffc380f2000 	C:\Program Files\Java\jre1.8.0_202\bin\nio.dll
0x00007ffc47530000 - 0x00007ffc47548000 	C:\WINDOWS\SYSTEM32\CRYPTSP.dll
0x00007ffc46d90000 - 0x00007ffc46dc5000 	C:\WINDOWS\system32\rsaenh.dll
0x00007ffc473e0000 - 0x00007ffc47409000 	C:\WINDOWS\SYSTEM32\USERENV.dll
0x00007ffc476b0000 - 0x00007ffc476d7000 	C:\WINDOWS\SYSTEM32\bcrypt.dll
0x00007ffc48000000 - 0x00007ffc4807f000 	C:\WINDOWS\System32\bcryptprimitives.dll
0x00007ffc47550000 - 0x00007ffc4755c000 	C:\WINDOWS\SYSTEM32\CRYPTBASE.dll

VM Arguments:
jvm_args: -ea -Dfile.encoding=Cp1252 
java_command: org.eclipse.jdt.internal.junit.runner.RemoteTestRunner -version 3 -port 50924 -testLoaderClass org.eclipse.jdt.internal.junit4.runner.JUnit4TestLoader -loaderpluginname org.eclipse.jdt.junit4.runtime -classNames org.pom.JunitTest
java_class_path (initial): C:\Users\durga\eclipse-workspace\Project\target\test-classes;C:\Users\durga\eclipse-workspace\Project\target\classes;C:\Users\durga\.m2\repository\org\seleniumhq\selenium\selenium-java\3.141.59\selenium-java-3.141.59.jar;C:\Users\durga\.m2\repository\org\seleniumhq\selenium\selenium-api\3.141.59\selenium-api-3.141.59.jar;C:\Users\durga\.m2\repository\org\seleniumhq\selenium\selenium-chrome-driver\3.141.59\selenium-chrome-driver-3.141.59.jar;C:\Users\durga\.m2\repository\org\seleniumhq\selenium\selenium-edge-driver\3.141.59\selenium-edge-driver-3.141.59.jar;C:\Users\durga\.m2\repository\org\seleniumhq\selenium\selenium-firefox-driver\3.141.59\selenium-firefox-driver-3.141.59.jar;C:\Users\durga\.m2\repository\org\seleniumhq\selenium\selenium-ie-driver\3.141.59\selenium-ie-driver-3.141.59.jar;C:\Users\durga\.m2\repository\org\seleniumhq\selenium\selenium-opera-driver\3.141.59\selenium-opera-driver-3.141.59.jar;C:\Users\durga\.m2\repository\org\seleniumhq\selenium\selenium-remote-driver\3.141.59\selenium-remote-driver-3.141.59.jar;C:\Users\durga\.m2\repository\org\seleniumhq\selenium\selenium-safari-driver\3.141.59\selenium-safari-driver-3.141.59.jar;C:\Users\durga\.m2\repository\org\seleniumhq\selenium\selenium-support\3.141.59\selenium-support-3.141.59.jar;C:\Users\durga\.m2\repository\net\bytebuddy\byte-buddy\1.8.15\byte-buddy-1.8.15.jar;C:\Users\durga\.m2\repository\org\apache\commons\commons-exec\1.3\commons-exec-1.3.jar;C:\Users\durga\.m2\repository\com\google\guava\guava\25.0-jre\guava-25.0-jre.jar;C:\Users\durga\.m2\repository\com\google\code\findbugs\jsr305\1.3.9\jsr305-1.3.9.jar;C:\Users\durga\.m2\repository\org\checkerframework\checker-compat-qual\2.0.0\checker-compat-qual-2.0.0.jar;C:\Users\durga\.m2\repository\com\google\errorprone\error_prone_annotations\2.1.3\error_prone_annotations-2.1.3.jar;C:\Users\durga\.m2\repository\com\google\j2objc\j2objc-annotations\1.1\j2objc-annotations-1.1.jar;C:\Users\durga\.m2\repository\org\code
Launcher Type: SUN_STANDARD

Environment Variables:
JAVA_HOME=C:\Program Files\Java\jdk1.8.0_202
PATH=C:/Program Files/Java/jre1.8.0_202/bin/server;C:/Program Files/Java/jre1.8.0_202/bin;C:/Program Files/Java/jre1.8.0_202/lib/amd64;C:\oraclexe\app\oracle\product\10.2.0\server\bin;C:\Program Files (x86)\Common Files\Oracle\Java\javapath;C:\WINDOWS\system32;C:\WINDOWS;C:\WINDOWS\System32\Wbem;C:\WINDOWS\System32\WindowsPowerShell\v1.0\;C:\WINDOWS\System32\OpenSSH\;C:\Program Files\dotnet\;C:\Program Files\Java\jdk1.8.0_202\bin;C:\Users\durga\Downloads\apache-maven-3.9.0-bin\apache-maven-3.9.0\bin;C:\Program Files (x86)\Git\cmd;C:\Users\durga\AppData\Local\Microsoft\WindowsApps;;C:\Users\durga\Downloads\eclipse-committers-oxygen-3a-win32-x86_64\eclipse;
USERNAME=Durga
OS=Windows_NT
PROCESSOR_IDENTIFIER=Intel64 Family 6 Model 126 Stepping 5, GenuineIntel



---------------  S Y S T E M  ---------------

OS: Windows 10.0 , 64 bit Build 22000 (10.0.22000.2003)

CPU:total 4 (initial active 4) (2 cores per cpu, 2 threads per core) family 6 model 126 stepping 5, cmov, cx8, fxsr, mmx, sse, sse2, sse3, ssse3, sse4.1, sse4.2, popcnt, avx, avx2, aes, clmul, erms, 3dnowpref, lzcnt, ht, tsc, tscinvbit, bmi1, bmi2, adx

Memory: 4k page, physical 3956052k(412596k free), swap 6053204k(656k free)

vm_info: Java HotSpot(TM) 64-Bit Server VM (25.202-b08) for windows-amd64 JRE (1.8.0_202-b08), built on Dec 15 2018 19:54:30 by "java_re" with MS VC++ 10.0 (VS2010)

time: Tue Jul 25 12:37:09 2023
timezone: India Standard Time
elapsed time: 1 seconds (0d 0h 0m 1s)

