#
# There is insufficient memory for the Java Runtime Environment to continue.
# Native memory allocation (malloc) failed to allocate 1048576 bytes for AllocateHeap
# Possible reasons:
#   The system is out of physical RAM or swap space
#   The process is running with CompressedOops enabled, and the Java Heap may be blocking the growth of the native heap
# Possible solutions:
#   Reduce memory load on the system
#   Increase physical memory or swap space
#   Check if swap backing store is full
#   Decrease Java heap size (-Xmx/-Xms)
#   Decrease number of Java threads
#   Decrease Java thread stack sizes (-Xss)
#   Set larger code cache with -XX:ReservedCodeCacheSize=
#   JVM is running with Unscaled Compressed Oops mode in which the Java heap is
#     placed in the first 4GB address space. The Java Heap base address is the
#     maximum limit for the native heap growth. Please use -XX:HeapBaseMinAddress
#     to set the Java Heap base and to place the Java Heap above 4GB virtual address.
# This output file may be truncated or incomplete.
#
#  Out of Memory Error (memory/allocation.inline.hpp:61), pid=13024, tid=0x00000000000029e0
#
# JRE version:  (8.0_202-b08) (build )
# Java VM: Java HotSpot(TM) 64-Bit Server VM (25.202-b08 mixed mode windows-amd64 compressed oops)
# Failed to write core dump. Minidumps are not enabled by default on client versions of Windows
#

---------------  T H R E A D  ---------------

Current thread (0x0000000002653800):  JavaThread "Unknown thread" [_thread_in_vm, id=10720, stack(0x0000000002550000,0x0000000002650000)]

Stack: [0x0000000002550000,0x0000000002650000]
[error occurred during error reporting (printing stack bounds), id 0xc0000005]

Native frames: (J=compiled Java code, j=interpreted, Vv=VM code, C=native code)


---------------  P R O C E S S  ---------------

Java Threads: ( => current thread )

Other Threads:

=>0x0000000002653800 (exited) JavaThread "Unknown thread" [_thread_in_vm, id=10720, stack(0x0000000002550000,0x0000000002650000)]

VM state:not at safepoint (normal execution)

VM Mutex/Monitor currently owned by a thread: None

heap address: 0x00000000c3a00000, size: 966 MB, Compressed Oops mode: 32-bit
Narrow klass base: 0x0000000000000000, Narrow klass shift: 3
Compressed class space size: 1073741824 Address: 0x0000000100000000

Heap:
 PSYoungGen      total 18432K, used 317K [0x00000000ebe00000, 0x00000000ed280000, 0x0000000100000000)
  eden space 15872K, 2% used [0x00000000ebe00000,0x00000000ebe4f5d0,0x00000000ecd80000)
  from space 2560K, 0% used [0x00000000ed000000,0x00000000ed000000,0x00000000ed280000)
  to   space 2560K, 0% used [0x00000000ecd80000,0x00000000ecd80000,0x00000000ed000000)
 ParOldGen       total 42496K, used 0K [0x00000000c3a00000, 0x00000000c6380000, 0x00000000ebe00000)
  object space 42496K, 0% used [0x00000000c3a00000,0x00000000c3a00000,0x00000000c6380000)
 Metaspace       used 751K, capacity 4480K, committed 4480K, reserved 1056768K
  class space    used 76K, capacity 384K, committed 384K, reserved 1048576K

Card table byte_map: [0x0000000011b10000,0x0000000011d00000] byte_map_base: 0x00000000114f3000

Marking Bits: (ParMarkBitMap*) 0x00000000732e5ce0
 Begin Bits: [0x0000000012250000, 0x0000000013168000)
 End Bits:   [0x0000000013168000, 0x0000000014080000)

Polling page: 0x0000000000c30000

CodeCache: size=245760Kb used=328Kb max_used=328Kb free=245431Kb
 bounds [0x0000000002750000, 0x00000000029c0000, 0x0000000011750000]
 total_blobs=58 nmethods=0 adapters=38
 compilation: enabled

Compilation events (0 events):
No events

GC Heap History (0 events):
No events

Deoptimization events (0 events):
No events

Classes redefined (0 events):
No events

Internal exceptions (0 events):
No events

Events (10 events):
Event: 0.080 loading class java/lang/Short
Event: 0.080 loading class java/lang/Short done
Event: 0.080 loading class java/lang/Integer
Event: 0.081 loading class java/lang/Integer done
Event: 0.081 loading class java/lang/Long
Event: 0.081 loading class java/lang/Long done
Event: 0.098 loading class java/lang/NullPointerException
Event: 0.098 loading class java/lang/NullPointerException done
Event: 0.098 loading class java/lang/ArithmeticException
Event: 0.098 loading class java/lang/ArithmeticException done


Dynamic libraries:
0x00007ff6e63f0000 - 0x00007ff6e6427000 	C:\Program Files\Java\jre1.8.0_202\bin\javaw.exe
0x00007ffc13980000 - 0x00007ffc13b89000 	C:\WINDOWS\SYSTEM32\ntdll.dll
0x00007ffc134e0000 - 0x00007ffc1359e000 	C:\WINDOWS\System32\KERNEL32.DLL
0x00007ffc11420000 - 0x00007ffc117a4000 	C:\WINDOWS\System32\KERNELBASE.dll
0x00007ffc13160000 - 0x00007ffc1320f000 	C:\WINDOWS\System32\ADVAPI32.dll
0x00007ffc135a0000 - 0x00007ffc13643000 	C:\WINDOWS\System32\msvcrt.dll
0x00007ffc124c0000 - 0x00007ffc1255e000 	C:\WINDOWS\System32\sechost.dll
0x00007ffc12650000 - 0x00007ffc12771000 	C:\WINDOWS\System32\RPCRT4.dll
0x00007ffc13330000 - 0x00007ffc134dd000 	C:\WINDOWS\System32\USER32.dll
0x00007ffc117b0000 - 0x00007ffc117d6000 	C:\WINDOWS\System32\win32u.dll
0x00007ffc11fb0000 - 0x00007ffc11fda000 	C:\WINDOWS\System32\GDI32.dll
0x00007ffc11300000 - 0x00007ffc1141f000 	C:\WINDOWS\System32\gdi32full.dll
0x00007ffc10fd0000 - 0x00007ffc1106d000 	C:\WINDOWS\System32\msvcp_win.dll
0x00007ffc111e0000 - 0x00007ffc112f1000 	C:\WINDOWS\System32\ucrtbase.dll
0x00007ffbf3b10000 - 0x00007ffbf3db5000 	C:\WINDOWS\WinSxS\amd64_microsoft.windows.common-controls_6595b64144ccf1df_6.0.22000.120_none_9d947278b86cc467\COMCTL32.dll
0x00007ffc127a0000 - 0x00007ffc127d1000 	C:\WINDOWS\System32\IMM32.DLL
0x0000000072900000 - 0x00000000729d2000 	C:\Program Files\Java\jre1.8.0_202\bin\msvcr100.dll
0x0000000072ac0000 - 0x0000000073365000 	C:\Program Files\Java\jre1.8.0_202\bin\server\jvm.dll
0x00007ffc12a60000 - 0x00007ffc12a68000 	C:\WINDOWS\System32\PSAPI.DLL
0x00007ffc09b70000 - 0x00007ffc09ba3000 	C:\WINDOWS\SYSTEM32\WINMM.dll
0x00007ffc02c90000 - 0x00007ffc02c9a000 	C:\WINDOWS\SYSTEM32\VERSION.dll
0x00007ffc0dde0000 - 0x00007ffc0dde9000 	C:\WINDOWS\SYSTEM32\WSOCK32.dll
0x00007ffc12970000 - 0x00007ffc129df000 	C:\WINDOWS\System32\WS2_32.dll
0x00007ffc0dc60000 - 0x00007ffc0dc6f000 	C:\Program Files\Java\jre1.8.0_202\bin\verify.dll
0x00007ffbff090000 - 0x00007ffbff0b9000 	C:\Program Files\Java\jre1.8.0_202\bin\java.dll
0x00007ffc0cb30000 - 0x00007ffc0cb46000 	C:\Program Files\Java\jre1.8.0_202\bin\zip.dll

VM Arguments:
jvm_args: -ea -Dfile.encoding=Cp1252 
java_command: org.eclipse.jdt.internal.junit.runner.RemoteTestRunner -version 3 -port 53953 -testLoaderClass org.eclipse.jdt.internal.junit4.runner.JUnit4TestLoader -loaderpluginname org.eclipse.jdt.junit4.runtime -classNames org.junit.Element
java_class_path (initial): C:\Users\durga\eclipse-workspace\Project\target\test-classes;C:\Users\durga\eclipse-workspace\Project\target\classes;C:\Users\durga\.m2\repository\org\seleniumhq\selenium\selenium-java\3.141.59\selenium-java-3.141.59.jar;C:\Users\durga\.m2\repository\org\seleniumhq\selenium\selenium-api\3.141.59\selenium-api-3.141.59.jar;C:\Users\durga\.m2\repository\org\seleniumhq\selenium\selenium-chrome-driver\3.141.59\selenium-chrome-driver-3.141.59.jar;C:\Users\durga\.m2\repository\org\seleniumhq\selenium\selenium-edge-driver\3.141.59\selenium-edge-driver-3.141.59.jar;C:\Users\durga\.m2\repository\org\seleniumhq\selenium\selenium-firefox-driver\3.141.59\selenium-firefox-driver-3.141.59.jar;C:\Users\durga\.m2\repository\org\seleniumhq\selenium\selenium-ie-driver\3.141.59\selenium-ie-driver-3.141.59.jar;C:\Users\durga\.m2\repository\org\seleniumhq\selenium\selenium-opera-driver\3.141.59\selenium-opera-driver-3.141.59.jar;C:\Users\durga\.m2\repository\org\seleniumhq\selenium\selenium-remote-driver\3.141.59\selenium-remote-driver-3.141.59.jar;C:\Users\durga\.m2\repository\org\seleniumhq\selenium\selenium-safari-driver\3.141.59\selenium-safari-driver-3.141.59.jar;C:\Users\durga\.m2\repository\org\seleniumhq\selenium\selenium-support\3.141.59\selenium-support-3.141.59.jar;C:\Users\durga\.m2\repository\net\bytebuddy\byte-buddy\1.8.15\byte-buddy-1.8.15.jar;C:\Users\durga\.m2\repository\org\apache\commons\commons-exec\1.3\commons-exec-1.3.jar;C:\Users\durga\.m2\repository\com\google\guava\guava\25.0-jre\guava-25.0-jre.jar;C:\Users\durga\.m2\repository\com\google\code\findbugs\jsr305\1.3.9\jsr305-1.3.9.jar;C:\Users\durga\.m2\repository\org\checkerframework\checker-compat-qual\2.0.0\checker-compat-qual-2.0.0.jar;C:\Users\durga\.m2\repository\com\google\errorprone\error_prone_annotations\2.1.3\error_prone_annotations-2.1.3.jar;C:\Users\durga\.m2\repository\com\google\j2objc\j2objc-annotations\1.1\j2objc-annotations-1.1.jar;C:\Users\durga\.m2\repository\org\code
Launcher Type: SUN_STANDARD

Environment Variables:
JAVA_HOME=C:\Program Files\Java\jdk1.8.0_202
PATH=C:/Program Files/Java/jre1.8.0_202/bin/server;C:/Program Files/Java/jre1.8.0_202/bin;C:/Program Files/Java/jre1.8.0_202/lib/amd64;C:\oraclexe\app\oracle\product\10.2.0\server\bin;C:\Program Files (x86)\Common Files\Oracle\Java\javapath;C:\WINDOWS\system32;C:\WINDOWS;C:\WINDOWS\System32\Wbem;C:\WINDOWS\System32\WindowsPowerShell\v1.0\;C:\WINDOWS\System32\OpenSSH\;C:\Program Files\dotnet\;C:\Program Files\Java\jdk1.8.0_202\bin;C:\Users\durga\Downloads\apache-maven-3.9.0-bin\apache-maven-3.9.0\bin;C:\Program Files (x86)\Git\cmd;C:\Users\durga\AppData\Local\Microsoft\WindowsApps;;C:\Users\durga\Downloads\eclipse-committers-oxygen-3a-win32-x86_64\eclipse;
USERNAME=Durga
OS=Windows_NT
PROCESSOR_IDENTIFIER=Intel64 Family 6 Model 126 Stepping 5, GenuineIntel



---------------  S Y S T E M  ---------------

OS: Windows 10.0 , 64 bit Build 22000 (10.0.22000.2003)

CPU:total 4 (initial active 4) (2 cores per cpu, 2 threads per core) family 6 model 126 stepping 5, cmov, cx8, fxsr, mmx, sse, sse2, sse3, ssse3, sse4.1, sse4.2, popcnt, avx, avx2, aes, clmul, erms, 3dnowpref, lzcnt, ht, tsc, tscinvbit, bmi1, bmi2, adx

Memory: 4k page, physical 3956052k(348232k free), swap 6053204k(5984k free)

vm_info: Java HotSpot(TM) 64-Bit Server VM (25.202-b08) for windows-amd64 JRE (1.8.0_202-b08), built on Dec 15 2018 19:54:30 by "java_re" with MS VC++ 10.0 (VS2010)

time: Sun Jul 30 17:40:38 2023
timezone: India Standard Time
elapsed time: 0 seconds (0d 0h 0m 0s)

